#
# There is insufficient memory for the Java Runtime Environment to continue.
# Native memory allocation (mmap) failed to map 65536 bytes for Failed to commit metaspace.
# Possible reasons:
#   The system is out of physical RAM or swap space
#   The process is running with CompressedOops enabled, and the Java Heap may be blocking the growth of the native heap
# Possible solutions:
#   Reduce memory load on the system
#   Increase physical memory or swap space
#   Check if swap backing store is full
#   Decrease Java heap size (-Xmx/-Xms)
#   Decrease number of Java threads
#   Decrease Java thread stack sizes (-Xss)
#   Set larger code cache with -XX:ReservedCodeCacheSize=
#   JVM is running with Zero Based Compressed Oops mode in which the Java heap is
#     placed in the first 32GB address space. The Java Heap base address is the
#     maximum limit for the native heap growth. Please use -XX:HeapBaseMinAddress
#     to set the Java Heap base and to place the Java Heap above 32GB virtual address.
# This output file may be truncated or incomplete.
#
#  Out of Memory Error (virtualSpaceNode.cpp:110), pid=8704, tid=15060
#
# JRE version: OpenJDK Runtime Environment Temurin-17.0.1+12 (17.0.1+12) (build 17.0.1+12)
# Java VM: OpenJDK 64-Bit Server VM Temurin-17.0.1+12 (17.0.1+12, mixed mode, emulated-client, tiered, compressed oops, compressed class ptrs, g1 gc, windows-amd64)
# No core dump will be written. Minidumps are not enabled by default on client versions of Windows
#

---------------  S U M M A R Y ------------

Command Line: -Dcom.sun.management.jmxremote -Dcom.sun.management.jmxremote.port=59531 -Dcom.sun.management.jmxremote.authenticate=false -Dcom.sun.management.jmxremote.ssl=false -Djava.rmi.server.hostname=localhost -Dspring.jmx.enabled=true -Dspring.application.admin.enabled=true -XX:TieredStopAtLevel=1 -Dspring.boot.project.name=ecommerce -Dfile.encoding=UTF-8 -XX:+ShowCodeDetailsInExceptionMessages mz.co.truetech.MainApplication --spring.output.ansi.enabled=always

Host: Intel(R) Core(TM) i3-4000M CPU @ 2.40GHz, 4 cores, 11G,  Windows 10 , 64 bit Build 18362 (10.0.18362.1350)
Time: Mon May 16 14:21:07 2022 South Africa Standard Time elapsed time: 1.863669 seconds (0d 0h 0m 1s)

---------------  T H R E A D  ---------------

Current thread (0x000002001489c090):  JavaThread "main" [_thread_in_vm, id=15060, stack(0x000000bca1d00000,0x000000bca1e00000)]

Stack: [0x000000bca1d00000,0x000000bca1e00000]
Native frames: (J=compiled Java code, j=interpreted, Vv=VM code, C=native code)
V  [jvm.dll+0x6744da]
V  [jvm.dll+0x82e144]
V  [jvm.dll+0x82f8ee]
V  [jvm.dll+0x82ff53]
V  [jvm.dll+0x245175]
V  [jvm.dll+0x82a0eb]
V  [jvm.dll+0x619566]
V  [jvm.dll+0x1bff1e]
V  [jvm.dll+0x61beb1]
V  [jvm.dll+0x619f06]
V  [jvm.dll+0x1e07bf]
V  [jvm.dll+0x1ea10e]
V  [jvm.dll+0x1ea385]
V  [jvm.dll+0x1eadbf]
V  [jvm.dll+0x1e0261]
V  [jvm.dll+0x53b150]
V  [jvm.dll+0x7a9378]
V  [jvm.dll+0x7a9464]
V  [jvm.dll+0x40bfd5]
V  [jvm.dll+0x4121c8]
C  [java.dll+0x17ec]

Java frames: (J=compiled Java code, j=interpreted, Vv=VM code)
J 1271  java.lang.ClassLoader.defineClass1(Ljava/lang/ClassLoader;Ljava/lang/String;[BIILjava/security/ProtectionDomain;Ljava/lang/String;)Ljava/lang/Class; java.base@17.0.1 (0 bytes) @ 0x000002001a37b8e3 [0x000002001a37b820+0x00000000000000c3]
j  java.lang.ClassLoader.defineClass(Ljava/lang/String;[BIILjava/security/ProtectionDomain;)Ljava/lang/Class;+27 java.base@17.0.1
J 1297 c1 jdk.internal.loader.BuiltinClassLoader.defineClass(Ljava/lang/String;Ljdk/internal/loader/Resource;)Ljava/lang/Class; java.base@17.0.1 (121 bytes) @ 0x000002001a389c74 [0x000002001a3897a0+0x00000000000004d4]
J 1283 c1 jdk.internal.loader.BuiltinClassLoader.findClassOnClassPathOrNull(Ljava/lang/String;)Ljava/lang/Class; java.base@17.0.1 (64 bytes) @ 0x000002001a3811c4 [0x000002001a380f00+0x00000000000002c4]
J 991 c1 jdk.internal.loader.BuiltinClassLoader.loadClassOrNull(Ljava/lang/String;Z)Ljava/lang/Class; java.base@17.0.1 (143 bytes) @ 0x000002001a30a884 [0x000002001a30a400+0x0000000000000484]
J 1190 c1 jdk.internal.loader.ClassLoaders$AppClassLoader.loadClass(Ljava/lang/String;Z)Ljava/lang/Class; java.base@17.0.1 (40 bytes) @ 0x000002001a359c2c [0x000002001a359ae0+0x000000000000014c]
J 1185 c1 java.lang.ClassLoader.loadClass(Ljava/lang/String;)Ljava/lang/Class; java.base@17.0.1 (7 bytes) @ 0x000002001a3588e4 [0x000002001a3588a0+0x0000000000000044]
v  ~StubRoutines::call_stub
j  org.springframework.boot.DefaultBootstrapContext.<init>()V+27
j  org.springframework.boot.SpringApplication.createBootstrapContext()Lorg/springframework/boot/DefaultBootstrapContext;+4
j  org.springframework.boot.SpringApplication.run([Ljava/lang/String;)Lorg/springframework/context/ConfigurableApplicationContext;+5
j  org.springframework.boot.SpringApplication.run([Ljava/lang/Class;[Ljava/lang/String;)Lorg/springframework/context/ConfigurableApplicationContext;+9
j  org.springframework.boot.SpringApplication.run(Ljava/lang/Class;[Ljava/lang/String;)Lorg/springframework/context/ConfigurableApplicationContext;+9
j  mz.co.truetech.MainApplication.main([Ljava/lang/String;)V+3
v  ~StubRoutines::call_stub

---------------  P R O C E S S  ---------------

Threads class SMR info:
_java_thread_list=0x0000020027a2a660, length=20, elements={
0x000002001489c090, 0x0000020027013260, 0x0000020026498ef0, 0x00000200264ccf60,
0x00000200264d0290, 0x00000200264d2300, 0x00000200264d3900, 0x0000020027029b00,
0x000002002702dbc0, 0x000002002707e6a0, 0x00000200270e0090, 0x00000200270e05a0,
0x00000200271e4f30, 0x00000200277be620, 0x00000200277c4bf0, 0x00000200279ddc00,
0x0000020027a23cc0, 0x0000020027a56060, 0x0000020027a0b010, 0x0000020027bad390
}

Java Threads: ( => current thread )
=>0x000002001489c090 JavaThread "main" [_thread_in_vm, id=15060, stack(0x000000bca1d00000,0x000000bca1e00000)]
  0x0000020027013260 JavaThread "Reference Handler" daemon [_thread_blocked, id=2948, stack(0x000000bca2400000,0x000000bca2500000)]
  0x0000020026498ef0 JavaThread "Finalizer" daemon [_thread_blocked, id=2072, stack(0x000000bca2500000,0x000000bca2600000)]
  0x00000200264ccf60 JavaThread "Signal Dispatcher" daemon [_thread_blocked, id=23436, stack(0x000000bca2600000,0x000000bca2700000)]
  0x00000200264d0290 JavaThread "Attach Listener" daemon [_thread_blocked, id=20568, stack(0x000000bca2700000,0x000000bca2800000)]
  0x00000200264d2300 JavaThread "Service Thread" daemon [_thread_blocked, id=6484, stack(0x000000bca2800000,0x000000bca2900000)]
  0x00000200264d3900 JavaThread "Monitor Deflation Thread" daemon [_thread_blocked, id=12224, stack(0x000000bca2900000,0x000000bca2a00000)]
  0x0000020027029b00 JavaThread "C1 CompilerThread0" daemon [_thread_blocked, id=11308, stack(0x000000bca2a00000,0x000000bca2b00000)]
  0x000002002702dbc0 JavaThread "Sweeper thread" daemon [_thread_blocked, id=13264, stack(0x000000bca2b00000,0x000000bca2c00000)]
  0x000002002707e6a0 JavaThread "Common-Cleaner" daemon [_thread_blocked, id=19924, stack(0x000000bca2c00000,0x000000bca2d00000)]
  0x00000200270e0090 JavaThread "C1 CompilerThread1" daemon [_thread_blocked, id=25916, stack(0x000000bca2d00000,0x000000bca2e00000)]
  0x00000200270e05a0 JavaThread "C1 CompilerThread2" daemon [_thread_blocked, id=24932, stack(0x000000bca2e00000,0x000000bca2f00000)]
  0x00000200271e4f30 JavaThread "Notification Thread" daemon [_thread_blocked, id=3088, stack(0x000000bca2f00000,0x000000bca3000000)]
  0x00000200277be620 JavaThread "RMI TCP Accept-0" daemon [_thread_in_native, id=23264, stack(0x000000bca3000000,0x000000bca3100000)]
  0x00000200277c4bf0 JavaThread "RMI TCP Accept-59531" daemon [_thread_in_native, id=10344, stack(0x000000bca3100000,0x000000bca3200000)]
  0x00000200279ddc00 JavaThread "RMI TCP Accept-0" daemon [_thread_in_native, id=7384, stack(0x000000bca3700000,0x000000bca3800000)]
  0x0000020027a23cc0 JavaThread "RMI TCP Connection(1)-127.0.0.1" daemon [_thread_in_native, id=10264, stack(0x000000bca3900000,0x000000bca3a00000)]
  0x0000020027a56060 JavaThread "RMI Scheduler(0)" daemon [_thread_blocked, id=25824, stack(0x000000bca3a00000,0x000000bca3b00000)]
  0x0000020027a0b010 JavaThread "RMI TCP Connection(2)-127.0.0.1" daemon [_thread_in_native, id=10112, stack(0x000000bca3b00000,0x000000bca3c00000)]
  0x0000020027bad390 JavaThread "JMX server connection timeout 21" daemon [_thread_blocked, id=15452, stack(0x000000bca3c00000,0x000000bca3d00000)]

Other Threads:
  0x00000200264b57c0 VMThread "VM Thread" [stack: 0x000000bca2300000,0x000000bca2400000] [id=22124]
  0x00000200279e00e0 WatcherThread [stack: 0x000000bca3800000,0x000000bca3900000] [id=17256]
  0x0000020016934ce0 GCTaskThread "GC Thread#0" [stack: 0x000000bca1e00000,0x000000bca1f00000] [id=23940]
  0x00000200277cf020 GCTaskThread "GC Thread#1" [stack: 0x000000bca3200000,0x000000bca3300000] [id=17008]
  0x00000200277cf2d0 GCTaskThread "GC Thread#2" [stack: 0x000000bca3300000,0x000000bca3400000] [id=27228]
  0x00000200277c5510 GCTaskThread "GC Thread#3" [stack: 0x000000bca3400000,0x000000bca3500000] [id=1864]
  0x0000020016941980 ConcurrentGCThread "G1 Main Marker" [stack: 0x000000bca1f00000,0x000000bca2000000] [id=9044]
  0x00000200169431e0 ConcurrentGCThread "G1 Conc#0" [stack: 0x000000bca2000000,0x000000bca2100000] [id=4884]
  0x00000200169aeca0 ConcurrentGCThread "G1 Refine#0" [stack: 0x000000bca2100000,0x000000bca2200000] [id=26440]
  0x00000200277c57c0 ConcurrentGCThread "G1 Refine#1" [stack: 0x000000bca3500000,0x000000bca3600000] [id=5368]
  0x00000200277c5aa0 ConcurrentGCThread "G1 Refine#2" [stack: 0x000000bca3600000,0x000000bca3700000] [id=7980]
  0x00000200263072b0 ConcurrentGCThread "G1 Service" [stack: 0x000000bca2200000,0x000000bca2300000] [id=28304]

Threads with active compile tasks:

VM state: not at safepoint (normal execution)

VM Mutex/Monitor currently owned by a thread:  ([mutex/lock_event])
[0x00000200168effa0] Metaspace_lock - owner thread: 0x000002001489c090

Heap address: 0x0000000741a00000, size: 3046 MB, Compressed Oops mode: Zero based, Oop shift amount: 3

CDS archive(s) not mapped
Compressed class space mapped at: 0x0000000800000000-0x0000000840000000, reserved size: 1073741824
Narrow klass base: 0x0000000800000000, Narrow klass shift: 0, Narrow klass range: 0x40000000

GC Precious Log:
 CPUs: 4 total, 4 available
 Memory: 12178M
 Large Page Support: Disabled
 NUMA Support: Disabled
 Compressed Oops: Enabled (Zero based)
 Heap Region Size: 2M
 Heap Min Capacity: 8M
 Heap Initial Capacity: 192M
 Heap Max Capacity: 3046M
 Pre-touch: Disabled
 Parallel Workers: 4
 Concurrent Workers: 1
 Concurrent Refinement Workers: 4
 Periodic GC: Disabled

Heap:
 garbage-first heap   total 196608K, used 11427K [0x0000000741a00000, 0x0000000800000000)
  region size 2048K, 4 young (8192K), 1 survivors (2048K)
 Metaspace       used 15455K, committed 15616K, reserved 1064960K
  class space    used 1643K, committed 1728K, reserved 1048576K

Heap Regions: E=young(eden), S=young(survivor), O=old, HS=humongous(starts), HC=humongous(continues), CS=collection set, F=free, OA=open archive, CA=closed archive, TAMS=top-at-mark-start (previous, next)
|   0|0x0000000741a00000, 0x0000000741c00000, 0x0000000741c00000|100%| O|  |TAMS 0x0000000741a00000, 0x0000000741a00000| Untracked 
|   1|0x0000000741c00000, 0x0000000741e00000, 0x0000000741e00000|100%| O|  |TAMS 0x0000000741c00000, 0x0000000741c00000| Untracked 
|   2|0x0000000741e00000, 0x0000000741fd9a00, 0x0000000742000000| 92%| O|  |TAMS 0x0000000741e00000, 0x0000000741e00000| Untracked 
|   3|0x0000000742000000, 0x0000000742000000, 0x0000000742200000|  0%| F|  |TAMS 0x0000000742000000, 0x0000000742000000| Untracked 
|   4|0x0000000742200000, 0x0000000742200000, 0x0000000742400000|  0%| F|  |TAMS 0x0000000742200000, 0x0000000742200000| Untracked 
|   5|0x0000000742400000, 0x0000000742400000, 0x0000000742600000|  0%| F|  |TAMS 0x0000000742400000, 0x0000000742400000| Untracked 
|   6|0x0000000742600000, 0x0000000742600000, 0x0000000742800000|  0%| F|  |TAMS 0x0000000742600000, 0x0000000742600000| Untracked 
|   7|0x0000000742800000, 0x0000000742800000, 0x0000000742a00000|  0%| F|  |TAMS 0x0000000742800000, 0x0000000742800000| Untracked 
|   8|0x0000000742a00000, 0x0000000742a00000, 0x0000000742c00000|  0%| F|  |TAMS 0x0000000742a00000, 0x0000000742a00000| Untracked 
|   9|0x0000000742c00000, 0x0000000742c00000, 0x0000000742e00000|  0%| F|  |TAMS 0x0000000742c00000, 0x0000000742c00000| Untracked 
|  10|0x0000000742e00000, 0x0000000742e00000, 0x0000000743000000|  0%| F|  |TAMS 0x0000000742e00000, 0x0000000742e00000| Untracked 
|  11|0x0000000743000000, 0x0000000743000000, 0x0000000743200000|  0%| F|  |TAMS 0x0000000743000000, 0x0000000743000000| Untracked 
|  12|0x0000000743200000, 0x0000000743200000, 0x0000000743400000|  0%| F|  |TAMS 0x0000000743200000, 0x0000000743200000| Untracked 
|  13|0x0000000743400000, 0x0000000743400000, 0x0000000743600000|  0%| F|  |TAMS 0x0000000743400000, 0x0000000743400000| Untracked 
|  14|0x0000000743600000, 0x0000000743600000, 0x0000000743800000|  0%| F|  |TAMS 0x0000000743600000, 0x0000000743600000| Untracked 
|  15|0x0000000743800000, 0x0000000743800000, 0x0000000743a00000|  0%| F|  |TAMS 0x0000000743800000, 0x0000000743800000| Untracked 
|  16|0x0000000743a00000, 0x0000000743a00000, 0x0000000743c00000|  0%| F|  |TAMS 0x0000000743a00000, 0x0000000743a00000| Untracked 
|  17|0x0000000743c00000, 0x0000000743c00000, 0x0000000743e00000|  0%| F|  |TAMS 0x0000000743c00000, 0x0000000743c00000| Untracked 
|  18|0x0000000743e00000, 0x0000000743e00000, 0x0000000744000000|  0%| F|  |TAMS 0x0000000743e00000, 0x0000000743e00000| Untracked 
|  19|0x0000000744000000, 0x0000000744000000, 0x0000000744200000|  0%| F|  |TAMS 0x0000000744000000, 0x0000000744000000| Untracked 
|  20|0x0000000744200000, 0x0000000744200000, 0x0000000744400000|  0%| F|  |TAMS 0x0000000744200000, 0x0000000744200000| Untracked 
|  21|0x0000000744400000, 0x0000000744400000, 0x0000000744600000|  0%| F|  |TAMS 0x0000000744400000, 0x0000000744400000| Untracked 
|  22|0x0000000744600000, 0x0000000744600000, 0x0000000744800000|  0%| F|  |TAMS 0x0000000744600000, 0x0000000744600000| Untracked 
|  23|0x0000000744800000, 0x0000000744800000, 0x0000000744a00000|  0%| F|  |TAMS 0x0000000744800000, 0x0000000744800000| Untracked 
|  24|0x0000000744a00000, 0x0000000744a00000, 0x0000000744c00000|  0%| F|  |TAMS 0x0000000744a00000, 0x0000000744a00000| Untracked 
|  25|0x0000000744c00000, 0x0000000744c00000, 0x0000000744e00000|  0%| F|  |TAMS 0x0000000744c00000, 0x0000000744c00000| Untracked 
|  26|0x0000000744e00000, 0x0000000744e00000, 0x0000000745000000|  0%| F|  |TAMS 0x0000000744e00000, 0x0000000744e00000| Untracked 
|  27|0x0000000745000000, 0x0000000745000000, 0x0000000745200000|  0%| F|  |TAMS 0x0000000745000000, 0x0000000745000000| Untracked 
|  28|0x0000000745200000, 0x0000000745200000, 0x0000000745400000|  0%| F|  |TAMS 0x0000000745200000, 0x0000000745200000| Untracked 
|  29|0x0000000745400000, 0x0000000745400000, 0x0000000745600000|  0%| F|  |TAMS 0x0000000745400000, 0x0000000745400000| Untracked 
|  30|0x0000000745600000, 0x0000000745600000, 0x0000000745800000|  0%| F|  |TAMS 0x0000000745600000, 0x0000000745600000| Untracked 
|  31|0x0000000745800000, 0x0000000745800000, 0x0000000745a00000|  0%| F|  |TAMS 0x0000000745800000, 0x0000000745800000| Untracked 
|  32|0x0000000745a00000, 0x0000000745a00000, 0x0000000745c00000|  0%| F|  |TAMS 0x0000000745a00000, 0x0000000745a00000| Untracked 
|  33|0x0000000745c00000, 0x0000000745c00000, 0x0000000745e00000|  0%| F|  |TAMS 0x0000000745c00000, 0x0000000745c00000| Untracked 
|  34|0x0000000745e00000, 0x0000000745e00000, 0x0000000746000000|  0%| F|  |TAMS 0x0000000745e00000, 0x0000000745e00000| Untracked 
|  35|0x0000000746000000, 0x0000000746000000, 0x0000000746200000|  0%| F|  |TAMS 0x0000000746000000, 0x0000000746000000| Untracked 
|  36|0x0000000746200000, 0x0000000746200000, 0x0000000746400000|  0%| F|  |TAMS 0x0000000746200000, 0x0000000746200000| Untracked 
|  37|0x0000000746400000, 0x0000000746400000, 0x0000000746600000|  0%| F|  |TAMS 0x0000000746400000, 0x0000000746400000| Untracked 
|  38|0x0000000746600000, 0x0000000746600000, 0x0000000746800000|  0%| F|  |TAMS 0x0000000746600000, 0x0000000746600000| Untracked 
|  39|0x0000000746800000, 0x0000000746800000, 0x0000000746a00000|  0%| F|  |TAMS 0x0000000746800000, 0x0000000746800000| Untracked 
|  40|0x0000000746a00000, 0x0000000746a00000, 0x0000000746c00000|  0%| F|  |TAMS 0x0000000746a00000, 0x0000000746a00000| Untracked 
|  41|0x0000000746c00000, 0x0000000746c00000, 0x0000000746e00000|  0%| F|  |TAMS 0x0000000746c00000, 0x0000000746c00000| Untracked 
|  42|0x0000000746e00000, 0x0000000746e00000, 0x0000000747000000|  0%| F|  |TAMS 0x0000000746e00000, 0x0000000746e00000| Untracked 
|  43|0x0000000747000000, 0x0000000747000000, 0x0000000747200000|  0%| F|  |TAMS 0x0000000747000000, 0x0000000747000000| Untracked 
|  44|0x0000000747200000, 0x0000000747200000, 0x0000000747400000|  0%| F|  |TAMS 0x0000000747200000, 0x0000000747200000| Untracked 
|  45|0x0000000747400000, 0x0000000747400000, 0x0000000747600000|  0%| F|  |TAMS 0x0000000747400000, 0x0000000747400000| Untracked 
|  46|0x0000000747600000, 0x0000000747600000, 0x0000000747800000|  0%| F|  |TAMS 0x0000000747600000, 0x0000000747600000| Untracked 
|  47|0x0000000747800000, 0x0000000747800000, 0x0000000747a00000|  0%| F|  |TAMS 0x0000000747800000, 0x0000000747800000| Untracked 
|  48|0x0000000747a00000, 0x0000000747a00000, 0x0000000747c00000|  0%| F|  |TAMS 0x0000000747a00000, 0x0000000747a00000| Untracked 
|  49|0x0000000747c00000, 0x0000000747c00000, 0x0000000747e00000|  0%| F|  |TAMS 0x0000000747c00000, 0x0000000747c00000| Untracked 
|  50|0x0000000747e00000, 0x0000000747e00000, 0x0000000748000000|  0%| F|  |TAMS 0x0000000747e00000, 0x0000000747e00000| Untracked 
|  51|0x0000000748000000, 0x0000000748000000, 0x0000000748200000|  0%| F|  |TAMS 0x0000000748000000, 0x0000000748000000| Untracked 
|  52|0x0000000748200000, 0x0000000748200000, 0x0000000748400000|  0%| F|  |TAMS 0x0000000748200000, 0x0000000748200000| Untracked 
|  53|0x0000000748400000, 0x0000000748400000, 0x0000000748600000|  0%| F|  |TAMS 0x0000000748400000, 0x0000000748400000| Untracked 
|  54|0x0000000748600000, 0x0000000748600000, 0x0000000748800000|  0%| F|  |TAMS 0x0000000748600000, 0x0000000748600000| Untracked 
|  55|0x0000000748800000, 0x0000000748800000, 0x0000000748a00000|  0%| F|  |TAMS 0x0000000748800000, 0x0000000748800000| Untracked 
|  56|0x0000000748a00000, 0x0000000748a00000, 0x0000000748c00000|  0%| F|  |TAMS 0x0000000748a00000, 0x0000000748a00000| Untracked 
|  57|0x0000000748c00000, 0x0000000748c00000, 0x0000000748e00000|  0%| F|  |TAMS 0x0000000748c00000, 0x0000000748c00000| Untracked 
|  58|0x0000000748e00000, 0x0000000748e00000, 0x0000000749000000|  0%| F|  |TAMS 0x0000000748e00000, 0x0000000748e00000| Untracked 
|  59|0x0000000749000000, 0x0000000749000000, 0x0000000749200000|  0%| F|  |TAMS 0x0000000749000000, 0x0000000749000000| Untracked 
|  60|0x0000000749200000, 0x0000000749200000, 0x0000000749400000|  0%| F|  |TAMS 0x0000000749200000, 0x0000000749200000| Untracked 
|  61|0x0000000749400000, 0x0000000749400000, 0x0000000749600000|  0%| F|  |TAMS 0x0000000749400000, 0x0000000749400000| Untracked 
|  62|0x0000000749600000, 0x0000000749600000, 0x0000000749800000|  0%| F|  |TAMS 0x0000000749600000, 0x0000000749600000| Untracked 
|  63|0x0000000749800000, 0x0000000749800000, 0x0000000749a00000|  0%| F|  |TAMS 0x0000000749800000, 0x0000000749800000| Untracked 
|  64|0x0000000749a00000, 0x0000000749a00000, 0x0000000749c00000|  0%| F|  |TAMS 0x0000000749a00000, 0x0000000749a00000| Untracked 
|  65|0x0000000749c00000, 0x0000000749c00000, 0x0000000749e00000|  0%| F|  |TAMS 0x0000000749c00000, 0x0000000749c00000| Untracked 
|  66|0x0000000749e00000, 0x0000000749e00000, 0x000000074a000000|  0%| F|  |TAMS 0x0000000749e00000, 0x0000000749e00000| Untracked 
|  67|0x000000074a000000, 0x000000074a000000, 0x000000074a200000|  0%| F|  |TAMS 0x000000074a000000, 0x000000074a000000| Untracked 
|  68|0x000000074a200000, 0x000000074a200000, 0x000000074a400000|  0%| F|  |TAMS 0x000000074a200000, 0x000000074a200000| Untracked 
|  69|0x000000074a400000, 0x000000074a400000, 0x000000074a600000|  0%| F|  |TAMS 0x000000074a400000, 0x000000074a400000| Untracked 
|  70|0x000000074a600000, 0x000000074a600000, 0x000000074a800000|  0%| F|  |TAMS 0x000000074a600000, 0x000000074a600000| Untracked 
|  71|0x000000074a800000, 0x000000074a800000, 0x000000074aa00000|  0%| F|  |TAMS 0x000000074a800000, 0x000000074a800000| Untracked 
|  72|0x000000074aa00000, 0x000000074aa00000, 0x000000074ac00000|  0%| F|  |TAMS 0x000000074aa00000, 0x000000074aa00000| Untracked 
|  73|0x000000074ac00000, 0x000000074ac00000, 0x000000074ae00000|  0%| F|  |TAMS 0x000000074ac00000, 0x000000074ac00000| Untracked 
|  74|0x000000074ae00000, 0x000000074ae00000, 0x000000074b000000|  0%| F|  |TAMS 0x000000074ae00000, 0x000000074ae00000| Untracked 
|  75|0x000000074b000000, 0x000000074b000000, 0x000000074b200000|  0%| F|  |TAMS 0x000000074b000000, 0x000000074b000000| Untracked 
|  76|0x000000074b200000, 0x000000074b200000, 0x000000074b400000|  0%| F|  |TAMS 0x000000074b200000, 0x000000074b200000| Untracked 
|  77|0x000000074b400000, 0x000000074b400000, 0x000000074b600000|  0%| F|  |TAMS 0x000000074b400000, 0x000000074b400000| Untracked 
|  78|0x000000074b600000, 0x000000074b600000, 0x000000074b800000|  0%| F|  |TAMS 0x000000074b600000, 0x000000074b600000| Untracked 
|  79|0x000000074b800000, 0x000000074b800000, 0x000000074ba00000|  0%| F|  |TAMS 0x000000074b800000, 0x000000074b800000| Untracked 
|  80|0x000000074ba00000, 0x000000074ba00000, 0x000000074bc00000|  0%| F|  |TAMS 0x000000074ba00000, 0x000000074ba00000| Untracked 
|  81|0x000000074bc00000, 0x000000074bc00000, 0x000000074be00000|  0%| F|  |TAMS 0x000000074bc00000, 0x000000074bc00000| Untracked 
|  82|0x000000074be00000, 0x000000074be00000, 0x000000074c000000|  0%| F|  |TAMS 0x000000074be00000, 0x000000074be00000| Untracked 
|  83|0x000000074c000000, 0x000000074c000000, 0x000000074c200000|  0%| F|  |TAMS 0x000000074c000000, 0x000000074c000000| Untracked 
|  84|0x000000074c200000, 0x000000074c200000, 0x000000074c400000|  0%| F|  |TAMS 0x000000074c200000, 0x000000074c200000| Untracked 
|  85|0x000000074c400000, 0x000000074c400000, 0x000000074c600000|  0%| F|  |TAMS 0x000000074c400000, 0x000000074c400000| Untracked 
|  86|0x000000074c600000, 0x000000074c600000, 0x000000074c800000|  0%| F|  |TAMS 0x000000074c600000, 0x000000074c600000| Untracked 
|  87|0x000000074c800000, 0x000000074c800000, 0x000000074ca00000|  0%| F|  |TAMS 0x000000074c800000, 0x000000074c800000| Untracked 
|  88|0x000000074ca00000, 0x000000074ca00000, 0x000000074cc00000|  0%| F|  |TAMS 0x000000074ca00000, 0x000000074ca00000| Untracked 
|  89|0x000000074cc00000, 0x000000074cc00000, 0x000000074ce00000|  0%| F|  |TAMS 0x000000074cc00000, 0x000000074cc00000| Untracked 
|  90|0x000000074ce00000, 0x000000074ce00000, 0x000000074d000000|  0%| F|  |TAMS 0x000000074ce00000, 0x000000074ce00000| Untracked 
|  91|0x000000074d000000, 0x000000074d000000, 0x000000074d200000|  0%| F|  |TAMS 0x000000074d000000, 0x000000074d000000| Untracked 
|  92|0x000000074d200000, 0x000000074d34f4f0, 0x000000074d400000| 65%| S|CS|TAMS 0x000000074d200000, 0x000000074d200000| Complete 
|  93|0x000000074d400000, 0x000000074d583f00, 0x000000074d600000| 75%| E|  |TAMS 0x000000074d400000, 0x000000074d400000| Complete 
|  94|0x000000074d600000, 0x000000074d800000, 0x000000074d800000|100%| E|CS|TAMS 0x000000074d600000, 0x000000074d600000| Complete 
|  95|0x000000074d800000, 0x000000074da00000, 0x000000074da00000|100%| E|CS|TAMS 0x000000074d800000, 0x000000074d800000| Complete 

Card table byte_map: [0x000002001d580000,0x000002001db80000] _byte_map_base: 0x0000020019b73000

Marking Bits (Prev, Next): (CMBitMap*) 0x0000020016935200, (CMBitMap*) 0x0000020016935240
 Prev Bits: [0x000002001e180000, 0x0000020021118000)
 Next Bits: [0x0000020021120000, 0x00000200240b8000)

Polling page: 0x00000200148d0000

Metaspace:

Usage:
  Non-class:     13.49 MB used.
      Class:      1.60 MB used.
       Both:     15.09 MB used.

Virtual space:
  Non-class space:       16.00 MB reserved,      13.56 MB ( 85%) committed,  2 nodes.
      Class space:        1.00 GB reserved,       1.69 MB ( <1%) committed,  1 nodes.
             Both:        1.02 GB reserved,      15.25 MB (  1%) committed. 

Chunk freelists:
   Non-Class:  1.98 MB
       Class:  2.13 MB
        Both:  4.12 MB

MaxMetaspaceSize: unlimited
CompressedClassSpaceSize: 1.00 GB
Initial GC threshold: 21.00 MB
Current GC threshold: 21.00 MB
CDS: off
MetaspaceReclaimPolicy: balanced
 - commit_granule_bytes: 65536.
 - commit_granule_words: 8192.
 - virtual_space_node_default_size: 1048576.
 - enlarge_chunks_in_place: 1.
 - new_chunks_are_fully_committed: 0.
 - uncommit_free_chunks: 1.
 - use_allocation_guard: 0.
 - handle_deallocations: 1.


Internal statistics:

num_allocs_failed_limit: 0.
num_arena_births: 172.
num_arena_deaths: 0.
num_vsnodes_births: 3.
num_vsnodes_deaths: 0.
num_space_committed: 244.
num_space_uncommitted: 0.
num_chunks_returned_to_freelist: 0.
num_chunks_taken_from_freelist: 333.
num_chunk_merges: 0.
num_chunk_splits: 186.
num_chunks_enlarged: 96.
num_purges: 0.
num_inconsistent_stats: 0.

CodeCache: size=49152Kb used=4191Kb max_used=4191Kb free=44961Kb
 bounds [0x0000020019f80000, 0x000002001a3a0000, 0x000002001cf80000]
 total_blobs=1792 nmethods=1334 adapters=384
 compilation: enabled
              stopped_count=0, restarted_count=0
 full_count=0

Compilation events (20 events):
Event: 1.836 Thread 0x0000020027029b00 1323       1       jdk.internal.org.objectweb.asm.Label::getCanonicalInstance (19 bytes)
Event: 1.836 Thread 0x0000020027029b00 nmethod 1323 0x000002001a394510 code [0x000002001a3946a0, 0x000002001a394798]
Event: 1.847 Thread 0x0000020027029b00 1324       1       java.util.concurrent.locks.AbstractQueuedSynchronizer::<init> (5 bytes)
Event: 1.847 Thread 0x00000200270e05a0 1325       1       java.util.concurrent.locks.AbstractOwnableSynchronizer::<init> (5 bytes)
Event: 1.847 Thread 0x00000200270e0090 1326       1       java.util.concurrent.locks.ReentrantLock$NonfairSync::<init> (5 bytes)
Event: 1.847 Thread 0x0000020027029b00 nmethod 1324 0x000002001a394810 code [0x000002001a3949a0, 0x000002001a394a58]
Event: 1.847 Thread 0x00000200270e05a0 nmethod 1325 0x000002001a394b10 code [0x000002001a394ca0, 0x000002001a394d58]
Event: 1.847 Thread 0x00000200270e0090 nmethod 1326 0x000002001a394e10 code [0x000002001a394fa0, 0x000002001a395058]
Event: 1.847 Thread 0x00000200270e0090 1327       1       java.util.concurrent.locks.ReentrantLock$Sync::<init> (5 bytes)
Event: 1.847 Thread 0x0000020027029b00 1328       1       java.util.concurrent.locks.ReentrantLock::<init> (16 bytes)
Event: 1.847 Thread 0x00000200270e05a0 1329       1       java.lang.invoke.MemberName::<init> (139 bytes)
Event: 1.847 Thread 0x00000200270e0090 nmethod 1327 0x000002001a395110 code [0x000002001a3952a0, 0x000002001a395358]
Event: 1.847 Thread 0x0000020027029b00 nmethod 1328 0x000002001a395410 code [0x000002001a3955a0, 0x000002001a395718]
Event: 1.848 Thread 0x00000200270e05a0 nmethod 1329 0x000002001a395790 code [0x000002001a395a00, 0x000002001a396218]
Event: 1.853 Thread 0x00000200270e05a0 1332       1       jdk.internal.org.objectweb.asm.Frame::getInputStackSize (6 bytes)
Event: 1.853 Thread 0x0000020027029b00 1333       1       jdk.internal.org.objectweb.asm.Label::resolve (219 bytes)
Event: 1.853 Thread 0x00000200270e05a0 nmethod 1332 0x000002001a396b90 code [0x000002001a396d20, 0x000002001a396df8]
Event: 1.854 Thread 0x0000020027029b00 nmethod 1333 0x000002001a396e90 code [0x000002001a397040, 0x000002001a397398]
Event: 1.858 Thread 0x0000020027029b00 1334       1       jdk.internal.misc.VM::initLevel (4 bytes)
Event: 1.858 Thread 0x0000020027029b00 nmethod 1334 0x000002001a397910 code [0x000002001a397aa0, 0x000002001a397b58]

GC Heap History (4 events):
Event: 1.338 GC heap before
{Heap before GC invocations=0 (full 0):
 garbage-first heap   total 196608K, used 10240K [0x0000000741a00000, 0x0000000800000000)
  region size 2048K, 6 young (12288K), 0 survivors (0K)
 Metaspace       used 11820K, committed 12032K, reserved 1064960K
  class space    used 1192K, committed 1280K, reserved 1048576K
}
Event: 1.344 GC heap after
{Heap after GC invocations=1 (full 0):
 garbage-first heap   total 196608K, used 5861K [0x0000000741a00000, 0x0000000800000000)
  region size 2048K, 1 young (2048K), 1 survivors (2048K)
 Metaspace       used 11820K, committed 12032K, reserved 1064960K
  class space    used 1192K, committed 1280K, reserved 1048576K
}
Event: 1.691 GC heap before
{Heap before GC invocations=1 (full 0):
 garbage-first heap   total 196608K, used 12005K [0x0000000741a00000, 0x0000000800000000)
  region size 2048K, 4 young (8192K), 1 survivors (2048K)
 Metaspace       used 14498K, committed 14656K, reserved 1064960K
  class space    used 1512K, committed 1600K, reserved 1048576K
}
Event: 1.696 GC heap after
{Heap after GC invocations=2 (full 0):
 garbage-first heap   total 196608K, used 7331K [0x0000000741a00000, 0x0000000800000000)
  region size 2048K, 1 young (2048K), 1 survivors (2048K)
 Metaspace       used 14498K, committed 14656K, reserved 1064960K
  class space    used 1512K, committed 1600K, reserved 1048576K
}

Deoptimization events (2 events):
Event: 1.792 Thread 0x000002001489c090 DEOPT PACKING pc=0x000002001a23f081 sp=0x000000bca1dfdaa0
Event: 1.792 Thread 0x000002001489c090 DEOPT UNPACKING pc=0x0000020019fd2b43 sp=0x000000bca1dfcef8 mode 3

Classes unloaded (0 events):
No events

Classes redefined (0 events):
No events

Internal exceptions (20 events):
Event: 0.807 Thread 0x000002001489c090 Exception <a 'java/lang/IncompatibleClassChangeError'{0x000000074d0136d8}: Found class java.lang.Object, but interface was expected> (0x000000074d0136d8) 
thrown [e:\jenkins\tmp\workspace\build\src\src\hotspot\share\interpreter\linkResolver.cpp, line 833]
Event: 0.808 Thread 0x000002001489c090 Exception <a 'java/lang/NoSuchMethodError'{0x000000074d019288}: 'void java.lang.invoke.DirectMethodHandle$Holder.invokeStatic(java.lang.Object, java.lang.Object)'> (0x000000074d019288) 
thrown [e:\jenkins\tmp\workspace\build\src\src\hotspot\share\interpreter\linkResolver.cpp, line 766]
Event: 0.912 Thread 0x000002001489c090 Exception <a 'java/lang/NoSuchMethodError'{0x000000074d0e71d8}: 'int java.lang.invoke.DirectMethodHandle$Holder.invokeSpecial(java.lang.Object, java.lang.Object, java.lang.Object)'> (0x000000074d0e71d8) 
thrown [e:\jenkins\tmp\workspace\build\src\src\hotspot\share\interpreter\linkResolver.cpp, line 766]
Event: 1.026 Thread 0x000002001489c090 Exception <a 'java/lang/NoSuchMethodError'{0x000000074d1f1138}: 'void java.lang.invoke.DirectMethodHandle$Holder.invokeStatic(java.lang.Object, java.lang.Object, java.lang.Object)'> (0x000000074d1f1138) 
thrown [e:\jenkins\tmp\workspace\build\src\src\hotspot\share\interpreter\linkResolver.cpp, line 766]
Event: 1.084 Thread 0x000002001489c090 Exception <a 'java/lang/NoSuchMethodError'{0x000000074ce3b948}: 'int java.lang.invoke.DirectMethodHandle$Holder.invokeSpecialIFC(java.lang.Object, java.lang.Object, java.lang.Object)'> (0x000000074ce3b948) 
thrown [e:\jenkins\tmp\workspace\build\src\src\hotspot\share\interpreter\linkResolver.cpp, line 766]
Event: 1.129 Thread 0x000002001489c090 Exception <a 'java/lang/NoSuchMethodError'{0x000000074ceb15c0}: 'java.lang.Object java.lang.invoke.DirectMethodHandle$Holder.invokeStaticInit(java.lang.Object, int, int, int, int)'> (0x000000074ceb15c0) 
thrown [e:\jenkins\tmp\workspace\build\src\src\hotspot\share\interpreter\linkResolver.cpp, line 766]
Event: 1.251 Thread 0x000002001489c090 Exception <a 'java/lang/NoSuchMethodError'{0x000000074cf26738}: 'java.lang.Object java.lang.invoke.DirectMethodHandle$Holder.invokeStaticInit(java.lang.Object, java.lang.Object, int, int, int, int)'> (0x000000074cf26738) 
thrown [e:\jenkins\tmp\workspace\build\src\src\hotspot\share\interpreter\linkResolver.cpp, line 766]
Event: 1.273 Thread 0x000002001489c090 Exception <a 'java/lang/ClassNotFoundException'{0x000000074cf41eb8}: javax/management/remote/rmi/RMIServerImpl_Skel> (0x000000074cf41eb8) 
thrown [e:\jenkins\tmp\workspace\build\src\src\hotspot\share\classfile\systemDictionary.cpp, line 256]
Event: 1.370 Thread 0x000002001489c090 Exception <a 'java/lang/ClassNotFoundException'{0x000000074d8695d8}: jdk/internal/agent/resources/spi/agentProvider> (0x000000074d8695d8) 
thrown [e:\jenkins\tmp\workspace\build\src\src\hotspot\share\classfile\systemDictionary.cpp, line 256]
Event: 1.507 Thread 0x000002001489c090 Exception <a 'java/lang/ClassNotFoundException'{0x000000074d69e3f0}: javax/smartcardio/CardPermission> (0x000000074d69e3f0) 
thrown [e:\jenkins\tmp\workspace\build\src\src\hotspot\share\classfile\systemDictionary.cpp, line 256]
Event: 1.513 Thread 0x000002001489c090 Exception <a 'java/io/FileNotFoundException'{0x000000074d6ad4f0}> (0x000000074d6ad4f0) 
thrown [e:\jenkins\tmp\workspace\build\src\src\hotspot\share\prims\jni.cpp, line 516]
Event: 1.577 Thread 0x0000020027a0b010 Exception <a 'java/lang/NoSuchMethodError'{0x000000074d7a7b70}: static [B.<clinit>()V> (0x000000074d7a7b70) 
thrown [e:\jenkins\tmp\workspace\build\src\src\hotspot\share\prims\jni.cpp, line 1107]
Event: 1.593 Thread 0x0000020027a0b010 Exception <a 'java/lang/ClassNotFoundException'{0x000000074d403aa0}: javax/management/remote/rmi/RMIConnectionImpl_Skel> (0x000000074d403aa0) 
thrown [e:\jenkins\tmp\workspace\build\src\src\hotspot\share\classfile\systemDictionary.cpp, line 256]
Event: 1.642 Thread 0x0000020027bad390 Exception <a 'java/lang/NoSuchMethodError'{0x000000074d50bf58}: 'java.lang.Object java.lang.invoke.Invokers$Holder.linkToTargetMethod(java.lang.Object, long, java.lang.Object)'> (0x000000074d50bf58) 
thrown [e:\jenkins\tmp\workspace\build\src\src\hotspot\share\interpreter\linkResolver.cpp, line 766]
Event: 1.643 Thread 0x0000020027a0b010 Exception <a 'java/lang/reflect/InvocationTargetException'{0x000000074d45db60}> (0x000000074d45db60) 
thrown [e:\jenkins\tmp\workspace\build\src\src\hotspot\share\runtime\reflection.cpp, line 1121]
Event: 1.651 Thread 0x0000020027a0b010 Exception <a 'java/lang/NoSuchMethodError'{0x000000074d54fe38}: static [Ljava/lang/StackTraceElement;.<clinit>()V> (0x000000074d54fe38) 
thrown [e:\jenkins\tmp\workspace\build\src\src\hotspot\share\prims\jni.cpp, line 1107]
Event: 1.740 Thread 0x000002001489c090 Exception <a 'java/lang/NoSuchMethodError'{0x000000074d61c610}: 'java.lang.Object java.lang.invoke.DirectMethodHandle$Holder.invokeSpecialIFC(java.lang.Object, java.lang.Object, java.lang.Object, java.lang.Object)'> (0x000000074d61c610) 
thrown [e:\jenkins\tmp\workspace\build\src\src\hotspot\share\interpreter\linkResolver.cpp, line 766]
Event: 1.769 Thread 0x000002001489c090 Exception <a 'java/lang/NoSuchMethodError'{0x000000074d6c3888}: 'int java.lang.invoke.DirectMethodHandle$Holder.invokeStaticInit(java.lang.Object, java.lang.Object)'> (0x000000074d6c3888) 
thrown [e:\jenkins\tmp\workspace\build\src\src\hotspot\share\interpreter\linkResolver.cpp, line 766]
Event: 1.841 Thread 0x000002001489c090 Exception <a 'java/lang/NoSuchMethodError'{0x000000074d48b3b8}: 'int java.lang.invoke.DirectMethodHandle$Holder.invokeStaticInit(java.lang.Object, java.lang.Object, java.lang.Object)'> (0x000000074d48b3b8) 
thrown [e:\jenkins\tmp\workspace\build\src\src\hotspot\share\interpreter\linkResolver.cpp, line 766]
Event: 1.852 Thread 0x000002001489c090 Exception <a 'java/lang/NoSuchMethodError'{0x000000074d4e57b8}: 'java.lang.Object java.lang.invoke.DirectMethodHandle$Holder.newInvokeSpecial(java.lang.Object, java.lang.Object, java.lang.Object, java.lang.Object, java.lang.Object)'> (0x000000074d4e57b8) 
thrown [e:\jenkins\tmp\workspace\build\src\src\hotspot\share\interpreter\linkResolver.cpp, line 766]

VM Operations (18 events):
Event: 0.415 Executing VM operation: HandshakeAllThreads
Event: 0.415 Executing VM operation: HandshakeAllThreads done
Event: 1.046 Executing VM operation: HandshakeAllThreads
Event: 1.046 Executing VM operation: HandshakeAllThreads done
Event: 1.110 Executing VM operation: HandshakeAllThreads
Event: 1.110 Executing VM operation: HandshakeAllThreads done
Event: 1.110 Executing VM operation: Cleanup
Event: 1.110 Executing VM operation: Cleanup done
Event: 1.273 Executing VM operation: HandshakeAllThreads
Event: 1.273 Executing VM operation: HandshakeAllThreads done
Event: 1.338 Executing VM operation: G1CollectForAllocation
Event: 1.344 Executing VM operation: G1CollectForAllocation done
Event: 1.590 Executing VM operation: HandshakeAllThreads
Event: 1.592 Executing VM operation: HandshakeAllThreads done
Event: 1.691 Executing VM operation: G1CollectForAllocation
Event: 1.696 Executing VM operation: G1CollectForAllocation done
Event: 1.724 Executing VM operation: HandshakeAllThreads
Event: 1.724 Executing VM operation: HandshakeAllThreads done

Events (20 events):
Event: 1.765 loading class java/lang/Byte$ByteCache
Event: 1.765 loading class java/lang/Byte$ByteCache done
Event: 1.765 loading class java/lang/Short$ShortCache
Event: 1.765 loading class java/lang/Short$ShortCache done
Event: 1.766 loading class java/lang/Character$CharacterCache
Event: 1.766 loading class java/lang/Character$CharacterCache done
Event: 1.767 loading class java/lang/reflect/UndeclaredThrowableException
Event: 1.768 loading class java/lang/reflect/UndeclaredThrowableException done
Event: 1.791 loading class java/lang/FunctionalInterface
Event: 1.791 loading class java/lang/FunctionalInterface done
Event: 1.795 loading class java/util/NoSuchElementException
Event: 1.795 loading class java/util/NoSuchElementException done
Event: 1.811 loading class java/lang/TypeNotPresentException
Event: 1.811 loading class java/lang/TypeNotPresentException done
Event: 1.818 loading class java/lang/reflect/WildcardType
Event: 1.818 loading class java/lang/reflect/WildcardType done
Event: 1.833 loading class java/util/concurrent/CountDownLatch
Event: 1.834 loading class java/util/concurrent/CountDownLatch done
Event: 1.834 loading class java/util/concurrent/CountDownLatch$Sync
Event: 1.834 loading class java/util/concurrent/CountDownLatch$Sync done


Dynamic libraries:
0x00007ff7829d0000 - 0x00007ff7829de000 	F:\Codes\Java\spring tool\sts-4.13.0.RELEASE\plugins\org.eclipse.justj.openjdk.hotspot.jre.full.win32.x86_64_17.0.1.v20211116-1657\jre\bin\javaw.exe
0x00007ffc39da0000 - 0x00007ffc39f90000 	C:\Windows\SYSTEM32\ntdll.dll
0x00007ffc395c0000 - 0x00007ffc39672000 	C:\Windows\System32\KERNEL32.DLL
0x00007ffc36da0000 - 0x00007ffc37045000 	C:\Windows\System32\KERNELBASE.dll
0x00007ffc372a0000 - 0x00007ffc3739a000 	C:\Windows\System32\ucrtbase.dll
0x00007ffc305a0000 - 0x00007ffc305b8000 	F:\Codes\Java\spring tool\sts-4.13.0.RELEASE\plugins\org.eclipse.justj.openjdk.hotspot.jre.full.win32.x86_64_17.0.1.v20211116-1657\jre\bin\jli.dll
0x00007ffc39360000 - 0x00007ffc394f4000 	C:\Windows\System32\USER32.dll
0x00007ffc37050000 - 0x00007ffc37071000 	C:\Windows\System32\win32u.dll
0x00007ffc382c0000 - 0x00007ffc382e6000 	C:\Windows\System32\GDI32.dll
0x00007ffc37100000 - 0x00007ffc37298000 	C:\Windows\System32\gdi32full.dll
0x00007ffc37550000 - 0x00007ffc375ee000 	C:\Windows\System32\msvcp_win.dll
0x00007ffc2f640000 - 0x00007ffc2f659000 	F:\Codes\Java\spring tool\sts-4.13.0.RELEASE\plugins\org.eclipse.justj.openjdk.hotspot.jre.full.win32.x86_64_17.0.1.v20211116-1657\jre\bin\VCRUNTIME140.dll
0x00007ffc360d0000 - 0x00007ffc36354000 	C:\Windows\WinSxS\amd64_microsoft.windows.common-controls_6595b64144ccf1df_6.0.18362.1440_none_9e7dbfb9e45e8e67\COMCTL32.dll
0x00007ffc382f0000 - 0x00007ffc3838e000 	C:\Windows\System32\msvcrt.dll
0x00007ffc38560000 - 0x00007ffc38896000 	C:\Windows\System32\combase.dll
0x00007ffc38390000 - 0x00007ffc384af000 	C:\Windows\System32\RPCRT4.dll
0x00007ffc36d10000 - 0x00007ffc36d91000 	C:\Windows\System32\bcryptPrimitives.dll
0x00007ffc39500000 - 0x00007ffc3952e000 	C:\Windows\System32\IMM32.DLL
0x00007ffc33170000 - 0x00007ffc3317c000 	F:\Codes\Java\spring tool\sts-4.13.0.RELEASE\plugins\org.eclipse.justj.openjdk.hotspot.jre.full.win32.x86_64_17.0.1.v20211116-1657\jre\bin\vcruntime140_1.dll
0x00007ffc167f0000 - 0x00007ffc16881000 	F:\Codes\Java\spring tool\sts-4.13.0.RELEASE\plugins\org.eclipse.justj.openjdk.hotspot.jre.full.win32.x86_64_17.0.1.v20211116-1657\jre\bin\msvcp140.dll
0x00007ffbe09d0000 - 0x00007ffbe1616000 	F:\Codes\Java\spring tool\sts-4.13.0.RELEASE\plugins\org.eclipse.justj.openjdk.hotspot.jre.full.win32.x86_64_17.0.1.v20211116-1657\jre\bin\server\jvm.dll
0x00007ffc39080000 - 0x00007ffc39123000 	C:\Windows\System32\ADVAPI32.dll
0x00007ffc37ec0000 - 0x00007ffc37f57000 	C:\Windows\System32\sechost.dll
0x00007ffc39c20000 - 0x00007ffc39c28000 	C:\Windows\System32\PSAPI.DLL
0x00007ffc25740000 - 0x00007ffc25749000 	C:\Windows\SYSTEM32\WSOCK32.dll
0x00007ffc38920000 - 0x00007ffc3898f000 	C:\Windows\System32\WS2_32.dll
0x00007ffc34170000 - 0x00007ffc34194000 	C:\Windows\SYSTEM32\WINMM.dll
0x00007ffc280c0000 - 0x00007ffc280ca000 	C:\Windows\SYSTEM32\VERSION.dll
0x00007ffc34140000 - 0x00007ffc3416d000 	C:\Windows\SYSTEM32\WINMMBASE.dll
0x00007ffc37500000 - 0x00007ffc3754a000 	C:\Windows\System32\cfgmgr32.dll
0x00007ffc36cf0000 - 0x00007ffc36d01000 	C:\Windows\System32\kernel.appcore.dll
0x00007ffc33160000 - 0x00007ffc3316a000 	F:\Codes\Java\spring tool\sts-4.13.0.RELEASE\plugins\org.eclipse.justj.openjdk.hotspot.jre.full.win32.x86_64_17.0.1.v20211116-1657\jre\bin\jimage.dll
0x00007ffc366b0000 - 0x00007ffc368a4000 	C:\Windows\SYSTEM32\DBGHELP.DLL
0x00007ffc36600000 - 0x00007ffc3662a000 	C:\Windows\SYSTEM32\dbgcore.DLL
0x00007ffc32fb0000 - 0x00007ffc32fd5000 	F:\Codes\Java\spring tool\sts-4.13.0.RELEASE\plugins\org.eclipse.justj.openjdk.hotspot.jre.full.win32.x86_64_17.0.1.v20211116-1657\jre\bin\java.dll
0x00007ffc30550000 - 0x00007ffc30568000 	F:\Codes\Java\spring tool\sts-4.13.0.RELEASE\plugins\org.eclipse.justj.openjdk.hotspot.jre.full.win32.x86_64_17.0.1.v20211116-1657\jre\bin\zip.dll
0x00007ffc38990000 - 0x00007ffc39078000 	C:\Windows\System32\SHELL32.dll
0x00007ffc384b0000 - 0x00007ffc38557000 	C:\Windows\System32\shcore.dll
0x00007ffc376a0000 - 0x00007ffc37e1b000 	C:\Windows\System32\windows.storage.dll
0x00007ffc36cb0000 - 0x00007ffc36cce000 	C:\Windows\System32\profapi.dll
0x00007ffc36c60000 - 0x00007ffc36caa000 	C:\Windows\System32\powrprof.dll
0x00007ffc36c50000 - 0x00007ffc36c60000 	C:\Windows\System32\UMPDC.dll
0x00007ffc388a0000 - 0x00007ffc388f2000 	C:\Windows\System32\shlwapi.dll
0x00007ffc37080000 - 0x00007ffc37097000 	C:\Windows\System32\cryptsp.dll
0x00007ffc2fce0000 - 0x00007ffc2fcf9000 	F:\Codes\Java\spring tool\sts-4.13.0.RELEASE\plugins\org.eclipse.justj.openjdk.hotspot.jre.full.win32.x86_64_17.0.1.v20211116-1657\jre\bin\net.dll
0x00007ffc2b3d0000 - 0x00007ffc2b4ca000 	C:\Windows\SYSTEM32\WINHTTP.dll
0x00007ffc35d60000 - 0x00007ffc35dc7000 	C:\Windows\system32\mswsock.dll
0x00007ffc2fca0000 - 0x00007ffc2fcb5000 	F:\Codes\Java\spring tool\sts-4.13.0.RELEASE\plugins\org.eclipse.justj.openjdk.hotspot.jre.full.win32.x86_64_17.0.1.v20211116-1657\jre\bin\nio.dll
0x00007ffc30690000 - 0x00007ffc30699000 	F:\Codes\Java\spring tool\sts-4.13.0.RELEASE\plugins\org.eclipse.justj.openjdk.hotspot.jre.full.win32.x86_64_17.0.1.v20211116-1657\jre\bin\management.dll
0x00007ffc30540000 - 0x00007ffc3054b000 	F:\Codes\Java\spring tool\sts-4.13.0.RELEASE\plugins\org.eclipse.justj.openjdk.hotspot.jre.full.win32.x86_64_17.0.1.v20211116-1657\jre\bin\management_ext.dll
0x00007ffc20a60000 - 0x00007ffc20a76000 	C:\Windows\system32\napinsp.dll
0x00007ffc20a40000 - 0x00007ffc20a5a000 	C:\Windows\system32\pnrpnsp.dll
0x00007ffc35ac0000 - 0x00007ffc35b8b000 	C:\Windows\SYSTEM32\DNSAPI.dll
0x00007ffc39530000 - 0x00007ffc39538000 	C:\Windows\System32\NSI.dll
0x00007ffc35a80000 - 0x00007ffc35aba000 	C:\Windows\SYSTEM32\IPHLPAPI.DLL
0x00007ffc20a30000 - 0x00007ffc20a3e000 	C:\Windows\System32\winrnr.dll
0x00007ffc32e70000 - 0x00007ffc32e8c000 	C:\Windows\system32\NLAapi.dll
0x00007ffc31cd0000 - 0x00007ffc31ce5000 	C:\Windows\system32\wshbth.dll
0x0000000059960000 - 0x0000000059986000 	C:\Program Files\Bonjour\mdnsNSP.dll
0x00007ffc27590000 - 0x00007ffc2759a000 	C:\Windows\System32\rasadhlp.dll
0x00007ffc2bfa0000 - 0x00007ffc2c017000 	C:\Windows\System32\fwpuclnt.dll
0x00007ffc37e20000 - 0x00007ffc37e46000 	C:\Windows\System32\bcrypt.dll
0x00007ffc358f0000 - 0x00007ffc35923000 	C:\Windows\system32\rsaenh.dll
0x00007ffc36b70000 - 0x00007ffc36b95000 	C:\Windows\SYSTEM32\USERENV.dll
0x00007ffc35ee0000 - 0x00007ffc35eec000 	C:\Windows\SYSTEM32\CRYPTBASE.dll
0x00007ffc2c6a0000 - 0x00007ffc2c6b6000 	C:\Windows\SYSTEM32\dhcpcsvc6.DLL
0x00007ffc2c580000 - 0x00007ffc2c59c000 	C:\Windows\SYSTEM32\dhcpcsvc.DLL
0x00007ffc30b90000 - 0x00007ffc30ba0000 	F:\Codes\Java\spring tool\sts-4.13.0.RELEASE\plugins\org.eclipse.justj.openjdk.hotspot.jre.full.win32.x86_64_17.0.1.v20211116-1657\jre\bin\verify.dll

dbghelp: loaded successfully - version: 4.0.5 - missing functions: none
symbol engine: initialized successfully - sym options: 0x614 - pdb path: .;F:\Codes\Java\spring tool\sts-4.13.0.RELEASE\plugins\org.eclipse.justj.openjdk.hotspot.jre.full.win32.x86_64_17.0.1.v20211116-1657\jre\bin;C:\Windows\SYSTEM32;C:\Windows\WinSxS\amd64_microsoft.windows.common-controls_6595b64144ccf1df_6.0.18362.1440_none_9e7dbfb9e45e8e67;F:\Codes\Java\spring tool\sts-4.13.0.RELEASE\plugins\org.eclipse.justj.openjdk.hotspot.jre.full.win32.x86_64_17.0.1.v20211116-1657\jre\bin\server;C:\Program Files\Bonjour

VM Arguments:
jvm_args: -Dcom.sun.management.jmxremote -Dcom.sun.management.jmxremote.port=59531 -Dcom.sun.management.jmxremote.authenticate=false -Dcom.sun.management.jmxremote.ssl=false -Djava.rmi.server.hostname=localhost -Dspring.jmx.enabled=true -Dspring.application.admin.enabled=true -XX:TieredStopAtLevel=1 -Dspring.boot.project.name=ecommerce -Dfile.encoding=UTF-8 -XX:+ShowCodeDetailsInExceptionMessages 
java_command: mz.co.truetech.MainApplication --spring.output.ansi.enabled=always
java_class_path (initial): C:\Java\rest-apps\ecommerce\target\classes;C:\Users\lenovo\.m2\repository\org\springframework\boot\spring-boot-starter-data-jpa\2.6.7\spring-boot-starter-data-jpa-2.6.7.jar;C:\Users\lenovo\.m2\repository\org\springframework\boot\spring-boot-starter-aop\2.6.7\spring-boot-starter-aop-2.6.7.jar;C:\Users\lenovo\.m2\repository\org\aspectj\aspectjweaver\1.9.7\aspectjweaver-1.9.7.jar;C:\Users\lenovo\.m2\repository\org\springframework\boot\spring-boot-starter-jdbc\2.6.7\spring-boot-starter-jdbc-2.6.7.jar;C:\Users\lenovo\.m2\repository\com\zaxxer\HikariCP\4.0.3\HikariCP-4.0.3.jar;C:\Users\lenovo\.m2\repository\org\springframework\spring-jdbc\5.3.19\spring-jdbc-5.3.19.jar;C:\Users\lenovo\.m2\repository\jakarta\transaction\jakarta.transaction-api\1.3.3\jakarta.transaction-api-1.3.3.jar;C:\Users\lenovo\.m2\repository\jakarta\persistence\jakarta.persistence-api\2.2.3\jakarta.persistence-api-2.2.3.jar;C:\Users\lenovo\.m2\repository\org\hibernate\hibernate-core\5.6.8.Final\hibernate-core-5.6.8.Final.jar;C:\Users\lenovo\.m2\repository\org\jboss\logging\jboss-logging\3.4.3.Final\jboss-logging-3.4.3.Final.jar;C:\Users\lenovo\.m2\repository\net\bytebuddy\byte-buddy\1.11.22\byte-buddy-1.11.22.jar;C:\Users\lenovo\.m2\repository\antlr\antlr\2.7.7\antlr-2.7.7.jar;C:\Users\lenovo\.m2\repository\org\jboss\jandex\2.4.2.Final\jandex-2.4.2.Final.jar;C:\Users\lenovo\.m2\repository\com\fasterxml\classmate\1.5.1\classmate-1.5.1.jar;C:\Users\lenovo\.m2\repository\org\hibernate\common\hibernate-commons-annotations\5.1.2.Final\hibernate-commons-annotations-5.1.2.Final.jar;C:\Users\lenovo\.m2\repository\org\glassfish\jaxb\jaxb-runtime\2.3.6\jaxb-runtime-2.3.6.jar;C:\Users\lenovo\.m2\repository\org\glassfish\jaxb\txw2\2.3.6\txw2-2.3.6.jar;C:\Users\lenovo\.m2\repository\com\sun\istack\istack-commons-runtime\3.0.12\istack-commons-runtime-3.0.12.jar;C:\Users\lenovo\.m2\repository\com\sun\activation\jakarta.activation\1.2.2\jakarta.activation-1.2.2.jar;C:\Users\lenovo\.m2\repo
Launcher Type: SUN_STANDARD

[Global flags]
     intx CICompilerCount                          = 3                                         {product} {ergonomic}
     uint ConcGCThreads                            = 1                                         {product} {ergonomic}
     uint G1ConcRefinementThreads                  = 4                                         {product} {ergonomic}
   size_t G1HeapRegionSize                         = 2097152                                   {product} {ergonomic}
    uintx GCDrainStackTargetSize                   = 64                                        {product} {ergonomic}
   size_t InitialHeapSize                          = 201326592                                 {product} {ergonomic}
     bool ManagementServer                         = true                                      {product} {command line}
   size_t MarkStackSize                            = 4194304                                   {product} {ergonomic}
   size_t MaxHeapSize                              = 3193962496                                {product} {ergonomic}
   size_t MaxNewSize                               = 1914699776                                {product} {ergonomic}
   size_t MinHeapDeltaBytes                        = 2097152                                   {product} {ergonomic}
   size_t MinHeapSize                              = 8388608                                   {product} {ergonomic}
    uintx NonProfiledCodeHeapSize                  = 0                                      {pd product} {ergonomic}
     bool ProfileInterpreter                       = false                                  {pd product} {command line}
    uintx ProfiledCodeHeapSize                     = 0                                      {pd product} {ergonomic}
     bool ShowCodeDetailsInExceptionMessages       = true                                   {manageable} {command line}
   size_t SoftMaxHeapSize                          = 3193962496                             {manageable} {ergonomic}
     intx TieredStopAtLevel                        = 1                                         {product} {command line}
     bool UseCompressedClassPointers               = true                           {product lp64_product} {ergonomic}
     bool UseCompressedOops                        = true                           {product lp64_product} {ergonomic}
     bool UseG1GC                                  = true                                      {product} {ergonomic}
     bool UseLargePagesIndividualAllocation        = false                                  {pd product} {ergonomic}

Logging:
Log output configuration:
 #0: stdout all=warning uptime,level,tags
 #1: stderr all=off uptime,level,tags

Environment Variables:
PATH=F:/Codes/Java/spring tool/sts-4.13.0.RELEASE//plugins/org.eclipse.justj.openjdk.hotspot.jre.full.win32.x86_64_17.0.1.v20211116-1657/jre/bin/server;F:/Codes/Java/spring tool/sts-4.13.0.RELEASE//plugins/org.eclipse.justj.openjdk.hotspot.jre.full.win32.x86_64_17.0.1.v20211116-1657/jre/bin;C:\Program Files\Common Files\Oracle\Java\javapath;C:\Program Files (x86)\Common Files\Oracle\Java\javapath;C:\Windows\system32;C:\Windows;C:\Windows\System32\Wbem;C:\Windows\System32\WindowsPowerShell\v1.0\;C:\Windows\System32\OpenSSH\;C:\ProgramData\ComposerSetup\bin;C:\Program Files\PuTTY\;C:\Program Files\Git\cmd;C:\ProgramData\chocolatey\bin;c:\Program Files (x86)\Microsoft SQL Server\100\Tools\Binn\;c:\Program Files\Microsoft SQL Server\100\Tools\Binn\;c:\Program Files\Microsoft SQL Server\100\DTS\Binn\;C:\Program Files (x86)\Bitvise SSH Client;C:\Program Files\Docker\Docker\resources\bin;C:\ProgramData\DockerDesktop\version-bin;C:\Program Files\nodejs\;C:\Users\lenovo\AppData\Local\Programs\Python\Python39\Scripts\;C:\Users\lenovo\AppData\Local\Programs\Python\Python39\;C:\Users\lenovo\AppData\Local\Microsoft\WindowsApps;C:\Users\lenovo\AppData\Local\Programs\Microsoft VS Code\bin;C:\wamp64\bin\php\php7.3.21;C:\Users\lenovo\AppData\Roaming\Composer\vendor\bin;C:\Program Files\Java\jdk-17.0.2\bin;C:\Users\lenovo\AppData\Local\Android\Sdk;C:\Users\lenovo\AppData\Local\Android\Sdk\platform-tools;C:\Users\lenovo\AppData\Local\Android\Sdk\emulator;C:\Users\lenovo\AppData\Roaming\npm;C:\wamp64\bin\mysql\mysql8.0.21\bin;C:\Program Files\PostgreSQL\14\bin;C:\Program Files\heroku\bin;C:\Users\lenovo\.gradle\wrapper\dists\gradle-7.4\bin;C:\Program Files\MongoDB\Server\5.0\bin;;F:\Codes\Java\spring tool\sts-4.13.0.RELEASE;
USERNAME=lenovo
OS=Windows_NT
PROCESSOR_IDENTIFIER=Intel64 Family 6 Model 60 Stepping 3, GenuineIntel



---------------  S Y S T E M  ---------------

OS:
 Windows 10 , 64 bit Build 18362 (10.0.18362.1350)
OS uptime: 7 days 7:22 hours
Hyper-V role detected

CPU: total 4 (initial active 4) (2 cores per cpu, 2 threads per core) family 6 model 60 stepping 3 microcode 0x28, cx8, cmov, fxsr, ht, mmx, sse, sse2, sse3, ssse3, sse4.1, sse4.2, popcnt, lzcnt, tsc, tscinvbit, avx, avx2, erms, clmul, bmi1, bmi2, fma, vzeroupper, clflush, hv

Memory: 4k page, system-wide physical 12178M (1736M free)
TotalPageFile size 20303M (AvailPageFile size 5M)
current process WorkingSet (physical memory assigned to process): 75M, peak: 75M
current process commit charge ("private bytes"): 280M, peak: 280M

vm_info: OpenJDK 64-Bit Server VM (17.0.1+12) for windows-amd64 JRE (17.0.1+12), built on Oct 20 2021 07:42:55 by "" with MS VC++ 16.7 (VS2019)

END.
