#
# There is insufficient memory for the Java Runtime Environment to continue.
# Native memory allocation (malloc) failed to allocate 1516496 bytes for Chunk::new
# Possible reasons:
#   The system is out of physical RAM or swap space
#   The process is running with CompressedOops enabled, and the Java Heap may be blocking the growth of the native heap
# Possible solutions:
#   Reduce memory load on the system
#   Increase physical memory or swap space
#   Check if swap backing store is full
#   Decrease Java heap size (-Xmx/-Xms)
#   Decrease number of Java threads
#   Decrease Java thread stack sizes (-Xss)
#   Set larger code cache with -XX:ReservedCodeCacheSize=
#   JVM is running with Zero Based Compressed Oops mode in which the Java heap is
#     placed in the first 32GB address space. The Java Heap base address is the
#     maximum limit for the native heap growth. Please use -XX:HeapBaseMinAddress
#     to set the Java Heap base and to place the Java Heap above 32GB virtual address.
# This output file may be truncated or incomplete.
#
#  Out of Memory Error (arena.cpp:189), pid=26192, tid=15284
#
# JRE version: OpenJDK Runtime Environment Temurin-17.0.1+12 (17.0.1+12) (build 17.0.1+12)
# Java VM: OpenJDK 64-Bit Server VM Temurin-17.0.1+12 (17.0.1+12, mixed mode, tiered, compressed oops, compressed class ptrs, g1 gc, windows-amd64)
# No core dump will be written. Minidumps are not enabled by default on client versions of Windows
#

---------------  S U M M A R Y ------------

Command Line: -Dmaven.home=EMBEDDED -Dclassworlds.conf=C:\Java\rest-apps\.metadata\.plugins\org.eclipse.m2e.launching\launches\m2conf14578817407242881432.tmp -Dmaven.multiModuleProjectDirectory=C:\Java\rest-apps\ecommerce -Djansi.force=true -Djansi.passthrough=true -Dfile.encoding=Cp1252 -XX:+ShowCodeDetailsInExceptionMessages org.codehaus.plexus.classworlds.launcher.Launcher -B install -Dstyle.color=always

Host: Intel(R) Core(TM) i3-4000M CPU @ 2.40GHz, 4 cores, 11G,  Windows 10 , 64 bit Build 18362 (10.0.18362.1350)
Time: Mon May 16 14:58:07 2022 South Africa Standard Time elapsed time: 3.597570 seconds (0d 0h 0m 3s)

---------------  T H R E A D  ---------------

Current thread (0x000001d2048c7c00):  JavaThread "C2 CompilerThread1" daemon [_thread_in_native, id=15284, stack(0x0000006465e00000,0x0000006465f00000)]


Current CompileTask:
C2:   3597 2704       4       org.codehaus.plexus.util.xml.Xpp3Dom::<init> (125 bytes)

Stack: [0x0000006465e00000,0x0000006465f00000]
Native frames: (J=compiled Java code, j=interpreted, Vv=VM code, C=native code)
V  [jvm.dll+0x6744da]
V  [jvm.dll+0x82e144]
V  [jvm.dll+0x82f8ee]
V  [jvm.dll+0x82ff53]
V  [jvm.dll+0x245175]
V  [jvm.dll+0xab85b]
V  [jvm.dll+0xabdec]
V  [jvm.dll+0x362eb2]
V  [jvm.dll+0x32d4c1]
V  [jvm.dll+0x32c96a]
V  [jvm.dll+0x218031]
V  [jvm.dll+0x217451]
V  [jvm.dll+0x1a355d]
V  [jvm.dll+0x226e38]
V  [jvm.dll+0x224f7c]
V  [jvm.dll+0x7e3f5b]
V  [jvm.dll+0x7de51a]
V  [jvm.dll+0x673305]
C  [ucrtbase.dll+0x210b2]
C  [KERNEL32.DLL+0x17c24]
C  [ntdll.dll+0x6d721]


---------------  P R O C E S S  ---------------

Threads class SMR info:
_java_thread_list=0x000001d20435b090, length=13, elements={
0x000001d2675b1ed0, 0x000001d203c13260, 0x000001d20337d0d0, 0x000001d203c26f70,
0x000001d203c2a650, 0x000001d203c2c830, 0x000001d203c2d1e0, 0x000001d203c2ecb0,
0x000001d203c4c860, 0x000001d203caa8c0, 0x000001d203da6470, 0x000001d203db81e0,
0x000001d2048c7c00
}

Java Threads: ( => current thread )
  0x000001d2675b1ed0 JavaThread "main" [_thread_in_Java, id=20928, stack(0x0000006464800000,0x0000006464900000)]
  0x000001d203c13260 JavaThread "Reference Handler" daemon [_thread_blocked, id=23000, stack(0x0000006464f00000,0x0000006465000000)]
  0x000001d20337d0d0 JavaThread "Finalizer" daemon [_thread_blocked, id=24304, stack(0x0000006465000000,0x0000006465100000)]
  0x000001d203c26f70 JavaThread "Signal Dispatcher" daemon [_thread_blocked, id=18032, stack(0x0000006465100000,0x0000006465200000)]
  0x000001d203c2a650 JavaThread "Attach Listener" daemon [_thread_blocked, id=6768, stack(0x0000006465200000,0x0000006465300000)]
  0x000001d203c2c830 JavaThread "Service Thread" daemon [_thread_blocked, id=6904, stack(0x0000006465300000,0x0000006465400000)]
  0x000001d203c2d1e0 JavaThread "Monitor Deflation Thread" daemon [_thread_blocked, id=6784, stack(0x0000006465400000,0x0000006465500000)]
  0x000001d203c2ecb0 JavaThread "C2 CompilerThread0" daemon [_thread_in_native, id=16328, stack(0x0000006465500000,0x0000006465600000)]
  0x000001d203c4c860 JavaThread "C1 CompilerThread0" daemon [_thread_in_vm, id=13248, stack(0x0000006465600000,0x0000006465700000)]
  0x000001d203caa8c0 JavaThread "Sweeper thread" daemon [_thread_blocked, id=10720, stack(0x0000006465700000,0x0000006465800000)]
  0x000001d203da6470 JavaThread "Notification Thread" daemon [_thread_blocked, id=13076, stack(0x0000006465800000,0x0000006465900000)]
  0x000001d203db81e0 JavaThread "Common-Cleaner" daemon [_thread_blocked, id=22284, stack(0x0000006465a00000,0x0000006465b00000)]
=>0x000001d2048c7c00 JavaThread "C2 CompilerThread1" daemon [_thread_in_native, id=15284, stack(0x0000006465e00000,0x0000006465f00000)]

Other Threads:
  0x000001d20339a870 VMThread "VM Thread" [stack: 0x0000006464e00000,0x0000006464f00000] [id=2708]
  0x000001d26760f870 WatcherThread [stack: 0x0000006465900000,0x0000006465a00000] [id=24164]
  0x000001d2675f4e30 GCTaskThread "GC Thread#0" [stack: 0x0000006464900000,0x0000006464a00000] [id=22184]
  0x000001d2043a9a00 GCTaskThread "GC Thread#1" [stack: 0x0000006465b00000,0x0000006465c00000] [id=4248]
  0x000001d20437aba0 GCTaskThread "GC Thread#2" [stack: 0x0000006465c00000,0x0000006465d00000] [id=23496]
  0x000001d20437ae50 GCTaskThread "GC Thread#3" [stack: 0x0000006465d00000,0x0000006465e00000] [id=23448]
  0x000001d2676033e0 ConcurrentGCThread "G1 Main Marker" [stack: 0x0000006464a00000,0x0000006464b00000] [id=4272]
  0x000001d267603df0 ConcurrentGCThread "G1 Conc#0" [stack: 0x0000006464b00000,0x0000006464c00000] [id=17512]
  0x000001d267666540 ConcurrentGCThread "G1 Refine#0" [stack: 0x0000006464c00000,0x0000006464d00000] [id=1640]
  0x000001d26766b780 ConcurrentGCThread "G1 Service" [stack: 0x0000006464d00000,0x0000006464e00000] [id=19244]

Threads with active compile tasks:
C2 CompilerThread0     3650 2707       4       org.codehaus.plexus.configuration.DefaultPlexusConfiguration::getChild (7 bytes)
C1 CompilerThread0     3650 2932       3       org.apache.maven.model.path.DefaultUrlNormalizer::normalize (122 bytes)
C2 CompilerThread1     3650 2704       4       org.codehaus.plexus.util.xml.Xpp3Dom::<init> (125 bytes)

VM state: not at safepoint (normal execution)

VM Mutex/Monitor currently owned by a thread: None

Heap address: 0x0000000741a00000, size: 3046 MB, Compressed Oops mode: Zero based, Oop shift amount: 3

CDS archive(s) not mapped
Compressed class space mapped at: 0x0000000800000000-0x0000000840000000, reserved size: 1073741824
Narrow klass base: 0x0000000800000000, Narrow klass shift: 0, Narrow klass range: 0x40000000

GC Precious Log:
 CPUs: 4 total, 4 available
 Memory: 12178M
 Large Page Support: Disabled
 NUMA Support: Disabled
 Compressed Oops: Enabled (Zero based)
 Heap Region Size: 2M
 Heap Min Capacity: 8M
 Heap Initial Capacity: 192M
 Heap Max Capacity: 3046M
 Pre-touch: Disabled
 Parallel Workers: 4
 Concurrent Workers: 1
 Concurrent Refinement Workers: 4
 Periodic GC: Disabled

Heap:
 garbage-first heap   total 196608K, used 50014K [0x0000000741a00000, 0x0000000800000000)
  region size 2048K, 24 young (49152K), 1 survivors (2048K)
 Metaspace       used 21050K, committed 21184K, reserved 1073152K
  class space    used 2185K, committed 2240K, reserved 1048576K

Heap Regions: E=young(eden), S=young(survivor), O=old, HS=humongous(starts), HC=humongous(continues), CS=collection set, F=free, OA=open archive, CA=closed archive, TAMS=top-at-mark-start (previous, next)
|   0|0x0000000741a00000, 0x0000000741c00000, 0x0000000741c00000|100%| O|  |TAMS 0x0000000741a00000, 0x0000000741a00000| Untracked 
|   1|0x0000000741c00000, 0x0000000741cf8c00, 0x0000000741e00000| 48%| O|  |TAMS 0x0000000741c00000, 0x0000000741c00000| Untracked 
|   2|0x0000000741e00000, 0x0000000741e00000, 0x0000000742000000|  0%| F|  |TAMS 0x0000000741e00000, 0x0000000741e00000| Untracked 
|   3|0x0000000742000000, 0x0000000742000000, 0x0000000742200000|  0%| F|  |TAMS 0x0000000742000000, 0x0000000742000000| Untracked 
|   4|0x0000000742200000, 0x0000000742200000, 0x0000000742400000|  0%| F|  |TAMS 0x0000000742200000, 0x0000000742200000| Untracked 
|   5|0x0000000742400000, 0x0000000742400000, 0x0000000742600000|  0%| F|  |TAMS 0x0000000742400000, 0x0000000742400000| Untracked 
|   6|0x0000000742600000, 0x0000000742600000, 0x0000000742800000|  0%| F|  |TAMS 0x0000000742600000, 0x0000000742600000| Untracked 
|   7|0x0000000742800000, 0x0000000742800000, 0x0000000742a00000|  0%| F|  |TAMS 0x0000000742800000, 0x0000000742800000| Untracked 
|   8|0x0000000742a00000, 0x0000000742a00000, 0x0000000742c00000|  0%| F|  |TAMS 0x0000000742a00000, 0x0000000742a00000| Untracked 
|   9|0x0000000742c00000, 0x0000000742c00000, 0x0000000742e00000|  0%| F|  |TAMS 0x0000000742c00000, 0x0000000742c00000| Untracked 
|  10|0x0000000742e00000, 0x0000000742e00000, 0x0000000743000000|  0%| F|  |TAMS 0x0000000742e00000, 0x0000000742e00000| Untracked 
|  11|0x0000000743000000, 0x0000000743000000, 0x0000000743200000|  0%| F|  |TAMS 0x0000000743000000, 0x0000000743000000| Untracked 
|  12|0x0000000743200000, 0x0000000743200000, 0x0000000743400000|  0%| F|  |TAMS 0x0000000743200000, 0x0000000743200000| Untracked 
|  13|0x0000000743400000, 0x0000000743400000, 0x0000000743600000|  0%| F|  |TAMS 0x0000000743400000, 0x0000000743400000| Untracked 
|  14|0x0000000743600000, 0x0000000743600000, 0x0000000743800000|  0%| F|  |TAMS 0x0000000743600000, 0x0000000743600000| Untracked 
|  15|0x0000000743800000, 0x0000000743800000, 0x0000000743a00000|  0%| F|  |TAMS 0x0000000743800000, 0x0000000743800000| Untracked 
|  16|0x0000000743a00000, 0x0000000743a00000, 0x0000000743c00000|  0%| F|  |TAMS 0x0000000743a00000, 0x0000000743a00000| Untracked 
|  17|0x0000000743c00000, 0x0000000743c00000, 0x0000000743e00000|  0%| F|  |TAMS 0x0000000743c00000, 0x0000000743c00000| Untracked 
|  18|0x0000000743e00000, 0x0000000743e00000, 0x0000000744000000|  0%| F|  |TAMS 0x0000000743e00000, 0x0000000743e00000| Untracked 
|  19|0x0000000744000000, 0x0000000744000000, 0x0000000744200000|  0%| F|  |TAMS 0x0000000744000000, 0x0000000744000000| Untracked 
|  20|0x0000000744200000, 0x0000000744200000, 0x0000000744400000|  0%| F|  |TAMS 0x0000000744200000, 0x0000000744200000| Untracked 
|  21|0x0000000744400000, 0x0000000744400000, 0x0000000744600000|  0%| F|  |TAMS 0x0000000744400000, 0x0000000744400000| Untracked 
|  22|0x0000000744600000, 0x0000000744600000, 0x0000000744800000|  0%| F|  |TAMS 0x0000000744600000, 0x0000000744600000| Untracked 
|  23|0x0000000744800000, 0x0000000744800000, 0x0000000744a00000|  0%| F|  |TAMS 0x0000000744800000, 0x0000000744800000| Untracked 
|  24|0x0000000744a00000, 0x0000000744a00000, 0x0000000744c00000|  0%| F|  |TAMS 0x0000000744a00000, 0x0000000744a00000| Untracked 
|  25|0x0000000744c00000, 0x0000000744c00000, 0x0000000744e00000|  0%| F|  |TAMS 0x0000000744c00000, 0x0000000744c00000| Untracked 
|  26|0x0000000744e00000, 0x0000000744e00000, 0x0000000745000000|  0%| F|  |TAMS 0x0000000744e00000, 0x0000000744e00000| Untracked 
|  27|0x0000000745000000, 0x0000000745000000, 0x0000000745200000|  0%| F|  |TAMS 0x0000000745000000, 0x0000000745000000| Untracked 
|  28|0x0000000745200000, 0x0000000745200000, 0x0000000745400000|  0%| F|  |TAMS 0x0000000745200000, 0x0000000745200000| Untracked 
|  29|0x0000000745400000, 0x0000000745400000, 0x0000000745600000|  0%| F|  |TAMS 0x0000000745400000, 0x0000000745400000| Untracked 
|  30|0x0000000745600000, 0x0000000745600000, 0x0000000745800000|  0%| F|  |TAMS 0x0000000745600000, 0x0000000745600000| Untracked 
|  31|0x0000000745800000, 0x0000000745800000, 0x0000000745a00000|  0%| F|  |TAMS 0x0000000745800000, 0x0000000745800000| Untracked 
|  32|0x0000000745a00000, 0x0000000745a00000, 0x0000000745c00000|  0%| F|  |TAMS 0x0000000745a00000, 0x0000000745a00000| Untracked 
|  33|0x0000000745c00000, 0x0000000745c00000, 0x0000000745e00000|  0%| F|  |TAMS 0x0000000745c00000, 0x0000000745c00000| Untracked 
|  34|0x0000000745e00000, 0x0000000745e00000, 0x0000000746000000|  0%| F|  |TAMS 0x0000000745e00000, 0x0000000745e00000| Untracked 
|  35|0x0000000746000000, 0x0000000746000000, 0x0000000746200000|  0%| F|  |TAMS 0x0000000746000000, 0x0000000746000000| Untracked 
|  36|0x0000000746200000, 0x0000000746200000, 0x0000000746400000|  0%| F|  |TAMS 0x0000000746200000, 0x0000000746200000| Untracked 
|  37|0x0000000746400000, 0x0000000746400000, 0x0000000746600000|  0%| F|  |TAMS 0x0000000746400000, 0x0000000746400000| Untracked 
|  38|0x0000000746600000, 0x0000000746600000, 0x0000000746800000|  0%| F|  |TAMS 0x0000000746600000, 0x0000000746600000| Untracked 
|  39|0x0000000746800000, 0x0000000746800000, 0x0000000746a00000|  0%| F|  |TAMS 0x0000000746800000, 0x0000000746800000| Untracked 
|  40|0x0000000746a00000, 0x0000000746a00000, 0x0000000746c00000|  0%| F|  |TAMS 0x0000000746a00000, 0x0000000746a00000| Untracked 
|  41|0x0000000746c00000, 0x0000000746c00000, 0x0000000746e00000|  0%| F|  |TAMS 0x0000000746c00000, 0x0000000746c00000| Untracked 
|  42|0x0000000746e00000, 0x0000000746e00000, 0x0000000747000000|  0%| F|  |TAMS 0x0000000746e00000, 0x0000000746e00000| Untracked 
|  43|0x0000000747000000, 0x0000000747000000, 0x0000000747200000|  0%| F|  |TAMS 0x0000000747000000, 0x0000000747000000| Untracked 
|  44|0x0000000747200000, 0x0000000747200000, 0x0000000747400000|  0%| F|  |TAMS 0x0000000747200000, 0x0000000747200000| Untracked 
|  45|0x0000000747400000, 0x0000000747400000, 0x0000000747600000|  0%| F|  |TAMS 0x0000000747400000, 0x0000000747400000| Untracked 
|  46|0x0000000747600000, 0x0000000747600000, 0x0000000747800000|  0%| F|  |TAMS 0x0000000747600000, 0x0000000747600000| Untracked 
|  47|0x0000000747800000, 0x0000000747800000, 0x0000000747a00000|  0%| F|  |TAMS 0x0000000747800000, 0x0000000747800000| Untracked 
|  48|0x0000000747a00000, 0x0000000747a00000, 0x0000000747c00000|  0%| F|  |TAMS 0x0000000747a00000, 0x0000000747a00000| Untracked 
|  49|0x0000000747c00000, 0x0000000747c00000, 0x0000000747e00000|  0%| F|  |TAMS 0x0000000747c00000, 0x0000000747c00000| Untracked 
|  50|0x0000000747e00000, 0x0000000747e00000, 0x0000000748000000|  0%| F|  |TAMS 0x0000000747e00000, 0x0000000747e00000| Untracked 
|  51|0x0000000748000000, 0x0000000748000000, 0x0000000748200000|  0%| F|  |TAMS 0x0000000748000000, 0x0000000748000000| Untracked 
|  52|0x0000000748200000, 0x0000000748200000, 0x0000000748400000|  0%| F|  |TAMS 0x0000000748200000, 0x0000000748200000| Untracked 
|  53|0x0000000748400000, 0x0000000748400000, 0x0000000748600000|  0%| F|  |TAMS 0x0000000748400000, 0x0000000748400000| Untracked 
|  54|0x0000000748600000, 0x0000000748600000, 0x0000000748800000|  0%| F|  |TAMS 0x0000000748600000, 0x0000000748600000| Untracked 
|  55|0x0000000748800000, 0x0000000748800000, 0x0000000748a00000|  0%| F|  |TAMS 0x0000000748800000, 0x0000000748800000| Untracked 
|  56|0x0000000748a00000, 0x0000000748a00000, 0x0000000748c00000|  0%| F|  |TAMS 0x0000000748a00000, 0x0000000748a00000| Untracked 
|  57|0x0000000748c00000, 0x0000000748c00000, 0x0000000748e00000|  0%| F|  |TAMS 0x0000000748c00000, 0x0000000748c00000| Untracked 
|  58|0x0000000748e00000, 0x0000000748e00000, 0x0000000749000000|  0%| F|  |TAMS 0x0000000748e00000, 0x0000000748e00000| Untracked 
|  59|0x0000000749000000, 0x0000000749000000, 0x0000000749200000|  0%| F|  |TAMS 0x0000000749000000, 0x0000000749000000| Untracked 
|  60|0x0000000749200000, 0x0000000749200000, 0x0000000749400000|  0%| F|  |TAMS 0x0000000749200000, 0x0000000749200000| Untracked 
|  61|0x0000000749400000, 0x0000000749400000, 0x0000000749600000|  0%| F|  |TAMS 0x0000000749400000, 0x0000000749400000| Untracked 
|  62|0x0000000749600000, 0x0000000749600000, 0x0000000749800000|  0%| F|  |TAMS 0x0000000749600000, 0x0000000749600000| Untracked 
|  63|0x0000000749800000, 0x0000000749800000, 0x0000000749a00000|  0%| F|  |TAMS 0x0000000749800000, 0x0000000749800000| Untracked 
|  64|0x0000000749a00000, 0x0000000749a00000, 0x0000000749c00000|  0%| F|  |TAMS 0x0000000749a00000, 0x0000000749a00000| Untracked 
|  65|0x0000000749c00000, 0x0000000749c00000, 0x0000000749e00000|  0%| F|  |TAMS 0x0000000749c00000, 0x0000000749c00000| Untracked 
|  66|0x0000000749e00000, 0x0000000749e00000, 0x000000074a000000|  0%| F|  |TAMS 0x0000000749e00000, 0x0000000749e00000| Untracked 
|  67|0x000000074a000000, 0x000000074a000000, 0x000000074a200000|  0%| F|  |TAMS 0x000000074a000000, 0x000000074a000000| Untracked 
|  68|0x000000074a200000, 0x000000074a200000, 0x000000074a400000|  0%| F|  |TAMS 0x000000074a200000, 0x000000074a200000| Untracked 
|  69|0x000000074a400000, 0x000000074a400000, 0x000000074a600000|  0%| F|  |TAMS 0x000000074a400000, 0x000000074a400000| Untracked 
|  70|0x000000074a600000, 0x000000074a600000, 0x000000074a800000|  0%| F|  |TAMS 0x000000074a600000, 0x000000074a600000| Untracked 
|  71|0x000000074a800000, 0x000000074a800000, 0x000000074aa00000|  0%| F|  |TAMS 0x000000074a800000, 0x000000074a800000| Untracked 
|  72|0x000000074aa00000, 0x000000074ac00000, 0x000000074ac00000|100%| E|  |TAMS 0x000000074aa00000, 0x000000074aa00000| Complete 
|  73|0x000000074ac00000, 0x000000074ae00000, 0x000000074ae00000|100%| E|CS|TAMS 0x000000074ac00000, 0x000000074ac00000| Complete 
|  74|0x000000074ae00000, 0x000000074b000000, 0x000000074b000000|100%| E|CS|TAMS 0x000000074ae00000, 0x000000074ae00000| Complete 
|  75|0x000000074b000000, 0x000000074b200000, 0x000000074b200000|100%| E|CS|TAMS 0x000000074b000000, 0x000000074b000000| Complete 
|  76|0x000000074b200000, 0x000000074b400000, 0x000000074b400000|100%| E|CS|TAMS 0x000000074b200000, 0x000000074b200000| Complete 
|  77|0x000000074b400000, 0x000000074b600000, 0x000000074b600000|100%| E|CS|TAMS 0x000000074b400000, 0x000000074b400000| Complete 
|  78|0x000000074b600000, 0x000000074b800000, 0x000000074b800000|100%| E|CS|TAMS 0x000000074b600000, 0x000000074b600000| Complete 
|  79|0x000000074b800000, 0x000000074ba00000, 0x000000074ba00000|100%| E|CS|TAMS 0x000000074b800000, 0x000000074b800000| Complete 
|  80|0x000000074ba00000, 0x000000074bbdec58, 0x000000074bc00000| 93%| S|CS|TAMS 0x000000074ba00000, 0x000000074ba00000| Complete 
|  81|0x000000074bc00000, 0x000000074be00000, 0x000000074be00000|100%| E|CS|TAMS 0x000000074bc00000, 0x000000074bc00000| Complete 
|  82|0x000000074be00000, 0x000000074c000000, 0x000000074c000000|100%| E|CS|TAMS 0x000000074be00000, 0x000000074be00000| Complete 
|  83|0x000000074c000000, 0x000000074c200000, 0x000000074c200000|100%| E|CS|TAMS 0x000000074c000000, 0x000000074c000000| Complete 
|  84|0x000000074c200000, 0x000000074c400000, 0x000000074c400000|100%| E|CS|TAMS 0x000000074c200000, 0x000000074c200000| Complete 
|  85|0x000000074c400000, 0x000000074c600000, 0x000000074c600000|100%| E|CS|TAMS 0x000000074c400000, 0x000000074c400000| Complete 
|  86|0x000000074c600000, 0x000000074c800000, 0x000000074c800000|100%| E|CS|TAMS 0x000000074c600000, 0x000000074c600000| Complete 
|  87|0x000000074c800000, 0x000000074ca00000, 0x000000074ca00000|100%| E|CS|TAMS 0x000000074c800000, 0x000000074c800000| Complete 
|  88|0x000000074ca00000, 0x000000074cc00000, 0x000000074cc00000|100%| E|CS|TAMS 0x000000074ca00000, 0x000000074ca00000| Complete 
|  89|0x000000074cc00000, 0x000000074ce00000, 0x000000074ce00000|100%| E|CS|TAMS 0x000000074cc00000, 0x000000074cc00000| Complete 
|  90|0x000000074ce00000, 0x000000074d000000, 0x000000074d000000|100%| E|CS|TAMS 0x000000074ce00000, 0x000000074ce00000| Complete 
|  91|0x000000074d000000, 0x000000074d200000, 0x000000074d200000|100%| E|CS|TAMS 0x000000074d000000, 0x000000074d000000| Complete 
|  92|0x000000074d200000, 0x000000074d400000, 0x000000074d400000|100%| E|CS|TAMS 0x000000074d200000, 0x000000074d200000| Complete 
|  93|0x000000074d400000, 0x000000074d600000, 0x000000074d600000|100%| E|CS|TAMS 0x000000074d400000, 0x000000074d400000| Complete 
|  94|0x000000074d600000, 0x000000074d800000, 0x000000074d800000|100%| E|CS|TAMS 0x000000074d600000, 0x000000074d600000| Complete 
|  95|0x000000074d800000, 0x000000074da00000, 0x000000074da00000|100%| E|CS|TAMS 0x000000074d800000, 0x000000074d800000| Complete 

Card table byte_map: [0x000001d27a250000,0x000001d27a850000] _byte_map_base: 0x000001d276843000

Marking Bits (Prev, Next): (CMBitMap*) 0x000001d2675f6450, (CMBitMap*) 0x000001d2675f6490
 Prev Bits: [0x000001d27ae50000, 0x000001d27dde8000)
 Next Bits: [0x000001d200000000, 0x000001d202f98000)

Polling page: 0x000001d265370000

Metaspace:

Usage:
  Non-class:     18.43 MB used.
      Class:      2.13 MB used.
       Both:     20.57 MB used.

Virtual space:
  Non-class space:       24.00 MB reserved,      18.50 MB ( 77%) committed,  3 nodes.
      Class space:        1.00 GB reserved,       2.19 MB ( <1%) committed,  1 nodes.
             Both:        1.02 GB reserved,      20.69 MB (  2%) committed. 

Chunk freelists:
   Non-Class:  1.28 MB
       Class:  1.70 MB
        Both:  2.98 MB

MaxMetaspaceSize: unlimited
CompressedClassSpaceSize: 1.00 GB
Initial GC threshold: 21.00 MB
Current GC threshold: 21.00 MB
CDS: off
MetaspaceReclaimPolicy: balanced
 - commit_granule_bytes: 65536.
 - commit_granule_words: 8192.
 - virtual_space_node_default_size: 1048576.
 - enlarge_chunks_in_place: 1.
 - new_chunks_are_fully_committed: 0.
 - uncommit_free_chunks: 1.
 - use_allocation_guard: 0.
 - handle_deallocations: 1.


Internal statistics:

num_allocs_failed_limit: 0.
num_arena_births: 66.
num_arena_deaths: 0.
num_vsnodes_births: 4.
num_vsnodes_deaths: 0.
num_space_committed: 331.
num_space_uncommitted: 0.
num_chunks_returned_to_freelist: 0.
num_chunks_taken_from_freelist: 509.
num_chunk_merges: 0.
num_chunk_splits: 349.
num_chunks_enlarged: 278.
num_purges: 0.
num_inconsistent_stats: 0.

CodeHeap 'non-profiled nmethods': size=120000Kb used=1236Kb max_used=1236Kb free=118763Kb
 bounds [0x000001d272720000, 0x000001d272990000, 0x000001d279c50000]
CodeHeap 'profiled nmethods': size=120000Kb used=5815Kb max_used=5815Kb free=114184Kb
 bounds [0x000001d26b1f0000, 0x000001d26b7a0000, 0x000001d272720000]
CodeHeap 'non-nmethods': size=5760Kb used=1170Kb max_used=1203Kb free=4589Kb
 bounds [0x000001d26ac50000, 0x000001d26aec0000, 0x000001d26b1f0000]
 total_blobs=3397 nmethods=2938 adapters=371
 compilation: enabled
              stopped_count=0, restarted_count=0
 full_count=0

Compilation events (20 events):
Event: 3.580 Thread 0x000001d203c4c860 nmethod 2888 0x000001d26b778010 code [0x000001d26b7781a0, 0x000001d26b7782d8]
Event: 3.580 Thread 0x000001d203c4c860 2889       3       java.util.regex.Pattern$Node::match (27 bytes)
Event: 3.580 Thread 0x000001d203c4c860 nmethod 2889 0x000001d26b778390 code [0x000001d26b778520, 0x000001d26b778698]
Event: 3.580 Thread 0x000001d203c4c860 2890       3       org.apache.maven.model.merge.ModelMerger::getRepositoryKey (6 bytes)
Event: 3.581 Thread 0x000001d203c4c860 nmethod 2890 0x000001d26b778790 code [0x000001d26b778940, 0x000001d26b778b08]
Event: 3.581 Thread 0x000001d203c4c860 2892       3       org.codehaus.plexus.interpolation.StringSearchInterpolator::addValueSource (12 bytes)
Event: 3.581 Thread 0x000001d203c4c860 nmethod 2892 0x000001d26b778b90 code [0x000001d26b778d40, 0x000001d26b778f28]
Event: 3.581 Thread 0x000001d203c4c860 2891       3       org.apache.maven.model.merge.MavenModelMerger::getRepositoryBaseKey (5 bytes)
Event: 3.581 Thread 0x000001d203c4c860 nmethod 2891 0x000001d26b779010 code [0x000001d26b7791a0, 0x000001d26b779358]
Event: 3.585 Thread 0x000001d203c4c860 2893       3       org.apache.maven.model.Build::getExtensions (23 bytes)
Event: 3.586 Thread 0x000001d203c4c860 nmethod 2893 0x000001d26b779410 code [0x000001d26b7795e0, 0x000001d26b7799d8]
Event: 3.586 Thread 0x000001d203c4c860 2894       1       org.apache.maven.model.FileSet::getDirectory (5 bytes)
Event: 3.586 Thread 0x000001d203c4c860 nmethod 2894 0x000001d272850b90 code [0x000001d272850d20, 0x000001d272850df8]
Event: 3.589 Thread 0x000001d203c4c860 2895       3       org.apache.maven.model.PluginContainer::<init> (5 bytes)
Event: 3.589 Thread 0x000001d203c4c860 nmethod 2895 0x000001d26b779b10 code [0x000001d26b779ca0, 0x000001d26b779df8]
Event: 3.589 Thread 0x000001d203c4c860 2896       3       org.eclipse.aether.internal.impl.DefaultRemoteRepositoryManager::getKey (5 bytes)
Event: 3.589 Thread 0x000001d203c4c860 nmethod 2896 0x000001d26b779e90 code [0x000001d26b77a020, 0x000001d26b77a158]
Event: 3.593 Thread 0x000001d203c4c860 2897       3       org.apache.maven.model.PluginExecution::<init> (16 bytes)
Event: 3.594 Thread 0x000001d203c4c860 nmethod 2897 0x000001d26b77a210 code [0x000001d26b77a3c0, 0x000001d26b77a618]
Event: 3.594 Thread 0x000001d203c4c860 2898       3       java.util.regex.Pattern$Node::study (21 bytes)

GC Heap History (6 events):
Event: 1.118 GC heap before
{Heap before GC invocations=0 (full 0):
 garbage-first heap   total 196608K, used 10240K [0x0000000741a00000, 0x0000000800000000)
  region size 2048K, 6 young (12288K), 0 survivors (0K)
 Metaspace       used 11342K, committed 11456K, reserved 1064960K
  class space    used 1042K, committed 1088K, reserved 1048576K
}
Event: 1.124 GC heap after
{Heap after GC invocations=1 (full 0):
 garbage-first heap   total 196608K, used 3040K [0x0000000741a00000, 0x0000000800000000)
  region size 2048K, 1 young (2048K), 1 survivors (2048K)
 Metaspace       used 11342K, committed 11456K, reserved 1064960K
  class space    used 1042K, committed 1088K, reserved 1048576K
}
Event: 1.460 GC heap before
{Heap before GC invocations=1 (full 0):
 garbage-first heap   total 196608K, used 11232K [0x0000000741a00000, 0x0000000800000000)
  region size 2048K, 6 young (12288K), 1 survivors (2048K)
 Metaspace       used 13540K, committed 13696K, reserved 1064960K
  class space    used 1328K, committed 1408K, reserved 1048576K
}
Event: 1.465 GC heap after
{Heap after GC invocations=2 (full 0):
 garbage-first heap   total 196608K, used 3729K [0x0000000741a00000, 0x0000000800000000)
  region size 2048K, 1 young (2048K), 1 survivors (2048K)
 Metaspace       used 13540K, committed 13696K, reserved 1064960K
  class space    used 1328K, committed 1408K, reserved 1048576K
}
Event: 2.215 GC heap before
{Heap before GC invocations=2 (full 0):
 garbage-first heap   total 196608K, used 32401K [0x0000000741a00000, 0x0000000800000000)
  region size 2048K, 15 young (30720K), 1 survivors (2048K)
 Metaspace       used 17662K, committed 17792K, reserved 1064960K
  class space    used 1857K, committed 1920K, reserved 1048576K
}
Event: 2.219 GC heap after
{Heap after GC invocations=3 (full 0):
 garbage-first heap   total 196608K, used 4958K [0x0000000741a00000, 0x0000000800000000)
  region size 2048K, 1 young (2048K), 1 survivors (2048K)
 Metaspace       used 17662K, committed 17792K, reserved 1064960K
  class space    used 1857K, committed 1920K, reserved 1048576K
}

Deoptimization events (20 events):
Event: 2.923 Thread 0x000001d2675b1ed0 Uncommon trap: trap_request=0xffffff45 fr.pc=0x000001d272803ac8 relative=0x0000000000000988
Event: 2.924 Thread 0x000001d2675b1ed0 Uncommon trap: reason=unstable_if action=reinterpret pc=0x000001d272803ac8 method=org.codehaus.plexus.util.xml.pull.MXParser.nextImpl()I @ 879 c2
Event: 2.924 Thread 0x000001d2675b1ed0 DEOPT PACKING pc=0x000001d272803ac8 sp=0x00000064648fd420
Event: 2.924 Thread 0x000001d2675b1ed0 DEOPT UNPACKING pc=0x000001d26aca23a3 sp=0x00000064648fd3a0 mode 2
Event: 3.013 Thread 0x000001d2675b1ed0 Uncommon trap: trap_request=0xffffff45 fr.pc=0x000001d27280eaec relative=0x0000000000000eac
Event: 3.013 Thread 0x000001d2675b1ed0 Uncommon trap: reason=unstable_if action=reinterpret pc=0x000001d27280eaec method=org.codehaus.plexus.util.xml.pull.MXParser.nextImpl()I @ 972 c2
Event: 3.013 Thread 0x000001d2675b1ed0 DEOPT PACKING pc=0x000001d27280eaec sp=0x00000064648fd800
Event: 3.013 Thread 0x000001d2675b1ed0 DEOPT UNPACKING pc=0x000001d26aca23a3 sp=0x00000064648fd780 mode 2
Event: 3.069 Thread 0x000001d2675b1ed0 Uncommon trap: trap_request=0xffffff45 fr.pc=0x000001d27280c70c relative=0x000000000000008c
Event: 3.069 Thread 0x000001d2675b1ed0 Uncommon trap: reason=unstable_if action=reinterpret pc=0x000001d27280c70c method=org.apache.maven.model.validation.DefaultModelValidator.isValidIdCharacter(C)Z @ 51 c2
Event: 3.069 Thread 0x000001d2675b1ed0 DEOPT PACKING pc=0x000001d27280c70c sp=0x00000064648fd9e0
Event: 3.069 Thread 0x000001d2675b1ed0 DEOPT UNPACKING pc=0x000001d26aca23a3 sp=0x00000064648fd968 mode 2
Event: 3.126 Thread 0x000001d2675b1ed0 Uncommon trap: trap_request=0xffffff45 fr.pc=0x000001d2727e4048 relative=0x0000000000000188
Event: 3.126 Thread 0x000001d2675b1ed0 Uncommon trap: reason=unstable_if action=reinterpret pc=0x000001d2727e4048 method=org.eclipse.sisu.inject.InjectorBindings.isAssignableFrom(Lcom/google/inject/TypeLiteral;Lcom/google/inject/Binding;)Z @ 14 c2
Event: 3.126 Thread 0x000001d2675b1ed0 DEOPT PACKING pc=0x000001d2727e4048 sp=0x00000064648fbc60
Event: 3.126 Thread 0x000001d2675b1ed0 DEOPT UNPACKING pc=0x000001d26aca23a3 sp=0x00000064648fbc00 mode 2
Event: 3.303 Thread 0x000001d2675b1ed0 DEOPT PACKING pc=0x000001d26b668816 sp=0x00000064648fd400
Event: 3.303 Thread 0x000001d2675b1ed0 DEOPT UNPACKING pc=0x000001d26aca2b43 sp=0x00000064648fc908 mode 0
Event: 3.528 Thread 0x000001d2675b1ed0 DEOPT PACKING pc=0x000001d26b64d28c sp=0x00000064648fbbf0
Event: 3.528 Thread 0x000001d2675b1ed0 DEOPT UNPACKING pc=0x000001d26aca2b43 sp=0x00000064648fb148 mode 0

Classes unloaded (0 events):
No events

Classes redefined (0 events):
No events

Internal exceptions (7 events):
Event: 0.598 Thread 0x000001d2675b1ed0 Exception <a 'java/lang/NoSuchMethodError'{0x000000074d45e4a8}: 'java.lang.Object java.lang.invoke.DirectMethodHandle$Holder.invokeStaticInit(java.lang.Object, int, int, int, int)'> (0x000000074d45e4a8) 
thrown [e:\jenkins\tmp\workspace\build\src\src\hotspot\share\interpreter\linkResolver.cpp, line 766]
Event: 0.711 Thread 0x000001d2675b1ed0 Exception <a 'java/lang/NoSuchMethodError'{0x000000074d4e63e8}: 'java.lang.Object java.lang.invoke.DirectMethodHandle$Holder.invokeStaticInit(java.lang.Object, java.lang.Object, int, int, int, int)'> (0x000000074d4e63e8) 
thrown [e:\jenkins\tmp\workspace\build\src\src\hotspot\share\interpreter\linkResolver.cpp, line 766]
Event: 1.308 Thread 0x000001d2675b1ed0 Exception <a 'java/lang/NoSuchMethodError'{0x000000074d429f10}: 'java.lang.Object java.lang.invoke.DirectMethodHandle$Holder.newInvokeSpecial(java.lang.Object, java.lang.Object, java.lang.Object, java.lang.Object, java.lang.Object)'> (0x000000074d429f10) 
thrown [e:\jenkins\tmp\workspace\build\src\src\hotspot\share\interpreter\linkResolver.cpp, line 766]
Event: 2.401 Thread 0x000001d2675b1ed0 Exception <a 'java/lang/NoClassDefFoundError'{0x000000074d44d4b0}: com/google/inject/servlet/ServletModuleTargetVisitor> (0x000000074d44d4b0) 
thrown [e:\jenkins\tmp\workspace\build\src\src\hotspot\share\classfile\systemDictionary.cpp, line 245]
Event: 2.402 Thread 0x000001d2675b1ed0 Exception <a 'java/lang/NoClassDefFoundError'{0x000000074d450e90}: javax/annotation/Priority> (0x000000074d450e90) 
thrown [e:\jenkins\tmp\workspace\build\src\src\hotspot\share\classfile\systemDictionary.cpp, line 245]
Event: 2.604 Thread 0x000001d2675b1ed0 Implicit null exception at 0x000001d272743372 to 0x000001d272743954
Event: 2.604 Thread 0x000001d2675b1ed0 Implicit null exception at 0x000001d27274aef2 to 0x000001d27274b4e8

VM Operations (20 events):
Event: 1.971 Executing VM operation: HandshakeAllThreads
Event: 1.971 Executing VM operation: HandshakeAllThreads done
Event: 2.177 Executing VM operation: ICBufferFull
Event: 2.177 Executing VM operation: ICBufferFull done
Event: 2.215 Executing VM operation: G1CollectForAllocation
Event: 2.219 Executing VM operation: G1CollectForAllocation done
Event: 2.238 Executing VM operation: HandshakeAllThreads
Event: 2.238 Executing VM operation: HandshakeAllThreads done
Event: 2.241 Executing VM operation: HandshakeAllThreads
Event: 2.241 Executing VM operation: HandshakeAllThreads done
Event: 2.375 Executing VM operation: HandshakeAllThreads
Event: 2.375 Executing VM operation: HandshakeAllThreads done
Event: 2.494 Executing VM operation: HandshakeAllThreads
Event: 2.494 Executing VM operation: HandshakeAllThreads done
Event: 2.514 Executing VM operation: ICBufferFull
Event: 2.514 Executing VM operation: ICBufferFull done
Event: 2.594 Executing VM operation: HandshakeAllThreads
Event: 2.594 Executing VM operation: HandshakeAllThreads done
Event: 3.192 Executing VM operation: ICBufferFull
Event: 3.193 Executing VM operation: ICBufferFull done

Events (20 events):
Event: 2.681 loading class java/text/DontCareFieldPosition$1
Event: 2.681 loading class java/text/Format$FieldDelegate
Event: 2.681 loading class java/text/Format$FieldDelegate done
Event: 2.681 loading class java/text/DontCareFieldPosition$1 done
Event: 2.724 loading class java/math/BigDecimal
Event: 2.726 loading class java/math/BigDecimal done
Event: 2.727 loading class java/lang/Long$LongCache
Event: 2.727 loading class java/lang/Long$LongCache done
Event: 2.727 loading class java/lang/Short$ShortCache
Event: 2.727 loading class java/lang/Short$ShortCache done
Event: 2.727 loading class java/lang/Byte$ByteCache
Event: 2.728 loading class java/lang/Byte$ByteCache done
Event: 3.121 loading class java/util/LinkedList$ListItr
Event: 3.121 loading class java/util/LinkedList$ListItr done
Event: 3.171 loading class java/io/RandomAccessFile$1
Event: 3.171 loading class java/io/RandomAccessFile$1 done
Event: 3.173 loading class java/util/TreeMap$Values
Event: 3.173 loading class java/util/TreeMap$Values done
Event: 3.173 loading class java/util/TreeMap$ValueIterator
Event: 3.173 loading class java/util/TreeMap$ValueIterator done


Dynamic libraries:
0x00007ff7829d0000 - 0x00007ff7829de000 	F:\Codes\Java\spring tool\sts-4.13.0.RELEASE\plugins\org.eclipse.justj.openjdk.hotspot.jre.full.win32.x86_64_17.0.1.v20211116-1657\jre\bin\javaw.exe
0x00007ffc39da0000 - 0x00007ffc39f90000 	C:\Windows\SYSTEM32\ntdll.dll
0x00007ffc395c0000 - 0x00007ffc39672000 	C:\Windows\System32\KERNEL32.DLL
0x00007ffc36da0000 - 0x00007ffc37045000 	C:\Windows\System32\KERNELBASE.dll
0x00007ffc372a0000 - 0x00007ffc3739a000 	C:\Windows\System32\ucrtbase.dll
0x00007ffc2f640000 - 0x00007ffc2f659000 	F:\Codes\Java\spring tool\sts-4.13.0.RELEASE\plugins\org.eclipse.justj.openjdk.hotspot.jre.full.win32.x86_64_17.0.1.v20211116-1657\jre\bin\VCRUNTIME140.dll
0x00007ffc305a0000 - 0x00007ffc305b8000 	F:\Codes\Java\spring tool\sts-4.13.0.RELEASE\plugins\org.eclipse.justj.openjdk.hotspot.jre.full.win32.x86_64_17.0.1.v20211116-1657\jre\bin\jli.dll
0x00007ffc39360000 - 0x00007ffc394f4000 	C:\Windows\System32\USER32.dll
0x00007ffc37050000 - 0x00007ffc37071000 	C:\Windows\System32\win32u.dll
0x00007ffc360d0000 - 0x00007ffc36354000 	C:\Windows\WinSxS\amd64_microsoft.windows.common-controls_6595b64144ccf1df_6.0.18362.1440_none_9e7dbfb9e45e8e67\COMCTL32.dll
0x00007ffc382c0000 - 0x00007ffc382e6000 	C:\Windows\System32\GDI32.dll
0x00007ffc382f0000 - 0x00007ffc3838e000 	C:\Windows\System32\msvcrt.dll
0x00007ffc37100000 - 0x00007ffc37298000 	C:\Windows\System32\gdi32full.dll
0x00007ffc38560000 - 0x00007ffc38896000 	C:\Windows\System32\combase.dll
0x00007ffc37550000 - 0x00007ffc375ee000 	C:\Windows\System32\msvcp_win.dll
0x00007ffc38390000 - 0x00007ffc384af000 	C:\Windows\System32\RPCRT4.dll
0x00007ffc36d10000 - 0x00007ffc36d91000 	C:\Windows\System32\bcryptPrimitives.dll
0x00007ffc39500000 - 0x00007ffc3952e000 	C:\Windows\System32\IMM32.DLL
0x00007ffc33170000 - 0x00007ffc3317c000 	F:\Codes\Java\spring tool\sts-4.13.0.RELEASE\plugins\org.eclipse.justj.openjdk.hotspot.jre.full.win32.x86_64_17.0.1.v20211116-1657\jre\bin\vcruntime140_1.dll
0x00007ffc167f0000 - 0x00007ffc16881000 	F:\Codes\Java\spring tool\sts-4.13.0.RELEASE\plugins\org.eclipse.justj.openjdk.hotspot.jre.full.win32.x86_64_17.0.1.v20211116-1657\jre\bin\msvcp140.dll
0x00007ffbe09d0000 - 0x00007ffbe1616000 	F:\Codes\Java\spring tool\sts-4.13.0.RELEASE\plugins\org.eclipse.justj.openjdk.hotspot.jre.full.win32.x86_64_17.0.1.v20211116-1657\jre\bin\server\jvm.dll
0x00007ffc39080000 - 0x00007ffc39123000 	C:\Windows\System32\ADVAPI32.dll
0x00007ffc37ec0000 - 0x00007ffc37f57000 	C:\Windows\System32\sechost.dll
0x00007ffc39c20000 - 0x00007ffc39c28000 	C:\Windows\System32\PSAPI.DLL
0x00007ffc280c0000 - 0x00007ffc280ca000 	C:\Windows\SYSTEM32\VERSION.dll
0x00007ffc34170000 - 0x00007ffc34194000 	C:\Windows\SYSTEM32\WINMM.dll
0x00007ffc25740000 - 0x00007ffc25749000 	C:\Windows\SYSTEM32\WSOCK32.dll
0x00007ffc38920000 - 0x00007ffc3898f000 	C:\Windows\System32\ws2_32.DLL
0x00007ffc34140000 - 0x00007ffc3416d000 	C:\Windows\SYSTEM32\WINMMBASE.dll
0x00007ffc37500000 - 0x00007ffc3754a000 	C:\Windows\System32\cfgmgr32.dll
0x00007ffc36cf0000 - 0x00007ffc36d01000 	C:\Windows\System32\kernel.appcore.dll
0x00007ffc33160000 - 0x00007ffc3316a000 	F:\Codes\Java\spring tool\sts-4.13.0.RELEASE\plugins\org.eclipse.justj.openjdk.hotspot.jre.full.win32.x86_64_17.0.1.v20211116-1657\jre\bin\jimage.dll
0x00007ffc366b0000 - 0x00007ffc368a4000 	C:\Windows\SYSTEM32\DBGHELP.DLL
0x00007ffc36600000 - 0x00007ffc3662a000 	C:\Windows\SYSTEM32\dbgcore.DLL
0x00007ffc32fb0000 - 0x00007ffc32fd5000 	F:\Codes\Java\spring tool\sts-4.13.0.RELEASE\plugins\org.eclipse.justj.openjdk.hotspot.jre.full.win32.x86_64_17.0.1.v20211116-1657\jre\bin\java.dll
0x00007ffc30550000 - 0x00007ffc30568000 	F:\Codes\Java\spring tool\sts-4.13.0.RELEASE\plugins\org.eclipse.justj.openjdk.hotspot.jre.full.win32.x86_64_17.0.1.v20211116-1657\jre\bin\zip.dll
0x00007ffc38990000 - 0x00007ffc39078000 	C:\Windows\System32\SHELL32.dll
0x00007ffc384b0000 - 0x00007ffc38557000 	C:\Windows\System32\shcore.dll
0x00007ffc376a0000 - 0x00007ffc37e1b000 	C:\Windows\System32\windows.storage.dll
0x00007ffc36cb0000 - 0x00007ffc36cce000 	C:\Windows\System32\profapi.dll
0x00007ffc36c60000 - 0x00007ffc36caa000 	C:\Windows\System32\powrprof.dll
0x00007ffc36c50000 - 0x00007ffc36c60000 	C:\Windows\System32\UMPDC.dll
0x00007ffc388a0000 - 0x00007ffc388f2000 	C:\Windows\System32\shlwapi.dll
0x00007ffc37080000 - 0x00007ffc37097000 	C:\Windows\System32\cryptsp.dll
0x00007ffc2fce0000 - 0x00007ffc2fcf9000 	F:\Codes\Java\spring tool\sts-4.13.0.RELEASE\plugins\org.eclipse.justj.openjdk.hotspot.jre.full.win32.x86_64_17.0.1.v20211116-1657\jre\bin\net.dll
0x00007ffc2b3d0000 - 0x00007ffc2b4ca000 	C:\Windows\SYSTEM32\WINHTTP.dll
0x00007ffc35d60000 - 0x00007ffc35dc7000 	C:\Windows\system32\mswsock.dll
0x00007ffc2fca0000 - 0x00007ffc2fcb5000 	F:\Codes\Java\spring tool\sts-4.13.0.RELEASE\plugins\org.eclipse.justj.openjdk.hotspot.jre.full.win32.x86_64_17.0.1.v20211116-1657\jre\bin\nio.dll
0x00007ffc30b90000 - 0x00007ffc30ba0000 	F:\Codes\Java\spring tool\sts-4.13.0.RELEASE\plugins\org.eclipse.justj.openjdk.hotspot.jre.full.win32.x86_64_17.0.1.v20211116-1657\jre\bin\verify.dll
0x00007ffc358f0000 - 0x00007ffc35923000 	C:\Windows\system32\rsaenh.dll
0x00007ffc37e20000 - 0x00007ffc37e46000 	C:\Windows\System32\bcrypt.dll
0x00007ffc36b70000 - 0x00007ffc36b95000 	C:\Windows\SYSTEM32\USERENV.dll
0x00007ffc35ee0000 - 0x00007ffc35eec000 	C:\Windows\SYSTEM32\CRYPTBASE.dll
0x00007ffc35a80000 - 0x00007ffc35aba000 	C:\Windows\SYSTEM32\IPHLPAPI.DLL
0x00007ffc39530000 - 0x00007ffc39538000 	C:\Windows\System32\NSI.dll
0x00007ffc2c6a0000 - 0x00007ffc2c6b6000 	C:\Windows\SYSTEM32\dhcpcsvc6.DLL
0x00007ffc2c580000 - 0x00007ffc2c59c000 	C:\Windows\SYSTEM32\dhcpcsvc.DLL
0x00007ffc35ac0000 - 0x00007ffc35b8b000 	C:\Windows\SYSTEM32\DNSAPI.dll
0x00007ffc2f670000 - 0x00007ffc2f67a000 	C:\Users\lenovo\AppData\Local\Temp\jansi-1.17.1-5174809608680234682.dll

dbghelp: loaded successfully - version: 4.0.5 - missing functions: none
symbol engine: initialized successfully - sym options: 0x614 - pdb path: .;F:\Codes\Java\spring tool\sts-4.13.0.RELEASE\plugins\org.eclipse.justj.openjdk.hotspot.jre.full.win32.x86_64_17.0.1.v20211116-1657\jre\bin;C:\Windows\SYSTEM32;C:\Windows\WinSxS\amd64_microsoft.windows.common-controls_6595b64144ccf1df_6.0.18362.1440_none_9e7dbfb9e45e8e67;F:\Codes\Java\spring tool\sts-4.13.0.RELEASE\plugins\org.eclipse.justj.openjdk.hotspot.jre.full.win32.x86_64_17.0.1.v20211116-1657\jre\bin\server;C:\Users\lenovo\AppData\Local\Temp

VM Arguments:
jvm_args: -Dmaven.home=EMBEDDED -Dclassworlds.conf=C:\Java\rest-apps\.metadata\.plugins\org.eclipse.m2e.launching\launches\m2conf14578817407242881432.tmp -Dmaven.multiModuleProjectDirectory=C:\Java\rest-apps\ecommerce -Djansi.force=true -Djansi.passthrough=true -Dfile.encoding=Cp1252 -XX:+ShowCodeDetailsInExceptionMessages 
java_command: org.codehaus.plexus.classworlds.launcher.Launcher -B install -Dstyle.color=always
java_class_path (initial): F:\Codes\Java\spring tool\sts-4.13.0.RELEASE\plugins\org.eclipse.m2e.maven.runtime_1.18.1.20211011-2139\jars\plexus-classworlds-2.6.0.jar
Launcher Type: SUN_STANDARD

[Global flags]
     intx CICompilerCount                          = 3                                         {product} {ergonomic}
     uint ConcGCThreads                            = 1                                         {product} {ergonomic}
     uint G1ConcRefinementThreads                  = 4                                         {product} {ergonomic}
   size_t G1HeapRegionSize                         = 2097152                                   {product} {ergonomic}
    uintx GCDrainStackTargetSize                   = 64                                        {product} {ergonomic}
   size_t InitialHeapSize                          = 201326592                                 {product} {ergonomic}
   size_t MarkStackSize                            = 4194304                                   {product} {ergonomic}
   size_t MaxHeapSize                              = 3193962496                                {product} {ergonomic}
   size_t MaxNewSize                               = 1914699776                                {product} {ergonomic}
   size_t MinHeapDeltaBytes                        = 2097152                                   {product} {ergonomic}
   size_t MinHeapSize                              = 8388608                                   {product} {ergonomic}
    uintx NonNMethodCodeHeapSize                   = 5832780                                {pd product} {ergonomic}
    uintx NonProfiledCodeHeapSize                  = 122912730                              {pd product} {ergonomic}
    uintx ProfiledCodeHeapSize                     = 122912730                              {pd product} {ergonomic}
    uintx ReservedCodeCacheSize                    = 251658240                              {pd product} {ergonomic}
     bool SegmentedCodeCache                       = true                                      {product} {ergonomic}
     bool ShowCodeDetailsInExceptionMessages       = true                                   {manageable} {command line}
   size_t SoftMaxHeapSize                          = 3193962496                             {manageable} {ergonomic}
     bool UseCompressedClassPointers               = true                           {product lp64_product} {ergonomic}
     bool UseCompressedOops                        = true                           {product lp64_product} {ergonomic}
     bool UseG1GC                                  = true                                      {product} {ergonomic}
     bool UseLargePagesIndividualAllocation        = false                                  {pd product} {ergonomic}

Logging:
Log output configuration:
 #0: stdout all=warning uptime,level,tags
 #1: stderr all=off uptime,level,tags

Environment Variables:
PATH=F:/Codes/Java/spring tool/sts-4.13.0.RELEASE//plugins/org.eclipse.justj.openjdk.hotspot.jre.full.win32.x86_64_17.0.1.v20211116-1657/jre/bin/server;F:/Codes/Java/spring tool/sts-4.13.0.RELEASE//plugins/org.eclipse.justj.openjdk.hotspot.jre.full.win32.x86_64_17.0.1.v20211116-1657/jre/bin;C:\Program Files\Common Files\Oracle\Java\javapath;C:\Program Files (x86)\Common Files\Oracle\Java\javapath;C:\Windows\system32;C:\Windows;C:\Windows\System32\Wbem;C:\Windows\System32\WindowsPowerShell\v1.0\;C:\Windows\System32\OpenSSH\;C:\ProgramData\ComposerSetup\bin;C:\Program Files\PuTTY\;C:\Program Files\Git\cmd;C:\ProgramData\chocolatey\bin;c:\Program Files (x86)\Microsoft SQL Server\100\Tools\Binn\;c:\Program Files\Microsoft SQL Server\100\Tools\Binn\;c:\Program Files\Microsoft SQL Server\100\DTS\Binn\;C:\Program Files (x86)\Bitvise SSH Client;C:\Program Files\Docker\Docker\resources\bin;C:\ProgramData\DockerDesktop\version-bin;C:\Program Files\nodejs\;C:\Users\lenovo\AppData\Local\Programs\Python\Python39\Scripts\;C:\Users\lenovo\AppData\Local\Programs\Python\Python39\;C:\Users\lenovo\AppData\Local\Microsoft\WindowsApps;C:\Users\lenovo\AppData\Local\Programs\Microsoft VS Code\bin;C:\wamp64\bin\php\php7.3.21;C:\Users\lenovo\AppData\Roaming\Composer\vendor\bin;C:\Program Files\Java\jdk-17.0.2\bin;C:\Users\lenovo\AppData\Local\Android\Sdk;C:\Users\lenovo\AppData\Local\Android\Sdk\platform-tools;C:\Users\lenovo\AppData\Local\Android\Sdk\emulator;C:\Users\lenovo\AppData\Roaming\npm;C:\wamp64\bin\mysql\mysql8.0.21\bin;C:\Program Files\PostgreSQL\14\bin;C:\Program Files\heroku\bin;C:\Users\lenovo\.gradle\wrapper\dists\gradle-7.4\bin;C:\Program Files\MongoDB\Server\5.0\bin;;F:\Codes\Java\spring tool\sts-4.13.0.RELEASE;
USERNAME=lenovo
OS=Windows_NT
PROCESSOR_IDENTIFIER=Intel64 Family 6 Model 60 Stepping 3, GenuineIntel



---------------  S Y S T E M  ---------------

OS:
 Windows 10 , 64 bit Build 18362 (10.0.18362.1350)
OS uptime: 7 days 7:59 hours
Hyper-V role detected

CPU: total 4 (initial active 4) (2 cores per cpu, 2 threads per core) family 6 model 60 stepping 3 microcode 0x28, cx8, cmov, fxsr, ht, mmx, sse, sse2, sse3, ssse3, sse4.1, sse4.2, popcnt, lzcnt, tsc, tscinvbit, avx, avx2, erms, clmul, bmi1, bmi2, fma, vzeroupper, clflush, hv

Memory: 4k page, system-wide physical 12178M (1676M free)
TotalPageFile size 20303M (AvailPageFile size 6M)
current process WorkingSet (physical memory assigned to process): 134M, peak: 134M
current process commit charge ("private bytes"): 309M, peak: 309M

vm_info: OpenJDK 64-Bit Server VM (17.0.1+12) for windows-amd64 JRE (17.0.1+12), built on Oct 20 2021 07:42:55 by "" with MS VC++ 16.7 (VS2019)

END.
